This is pdfTeX, Version 3.1415926-2.3-1.40.12 (MiKTeX 2.9) (preloaded format=pdflatex 2012.11.28)  1 FEB 2013 01:48
entering extended mode
**Dunn_WorkLog.tex
(C:\Users\Griffin\Documents\GitHub\ProPANE\Dunn_Work_Log\Dunn_WorkLog.tex
LaTeX2e <2011/06/27>
Babel <v3.8m> and hyphenation patterns for english, afrikaans, ancientgreek, ar
abic, armenian, assamese, basque, bengali, bokmal, bulgarian, catalan, coptic, 
croatian, czech, danish, dutch, esperanto, estonian, farsi, finnish, french, ga
lician, german, german-x-2009-06-19, greek, gujarati, hindi, hungarian, iceland
ic, indonesian, interlingua, irish, italian, kannada, kurmanji, lao, latin, lat
vian, lithuanian, malayalam, marathi, mongolian, mongolianlmc, monogreek, ngerm
an, ngerman-x-2009-06-19, nynorsk, oriya, panjabi, pinyin, polish, portuguese, 
romanian, russian, sanskrit, serbian, slovak, slovenian, spanish, swedish, swis
sgerman, tamil, telugu, turkish, turkmen, ukenglish, ukrainian, uppersorbian, u
senglishmax, welsh, loaded.
("C:\Program Files\MiKTeX 2.9\tex\latex\base\article.cls"
Document Class: article 2007/10/19 v1.4h Standard LaTeX document class
("C:\Program Files\MiKTeX 2.9\tex\latex\base\size10.clo"
File: size10.clo 2007/10/19 v1.4h Standard LaTeX file (size option)
)
\c@part=\count79
\c@section=\count80
\c@subsection=\count81
\c@subsubsection=\count82
\c@paragraph=\count83
\c@subparagraph=\count84
\c@figure=\count85
\c@table=\count86
\abovecaptionskip=\skip41
\belowcaptionskip=\skip42
\bibindent=\dimen102
)
("C:\Program Files\MiKTeX 2.9\tex\latex\graphics\graphicx.sty"
Package: graphicx 1999/02/16 v1.0f Enhanced LaTeX Graphics (DPC,SPQR)

("C:\Program Files\MiKTeX 2.9\tex\latex\graphics\keyval.sty"
Package: keyval 1999/03/16 v1.13 key=value parser (DPC)
\KV@toks@=\toks14
)
("C:\Program Files\MiKTeX 2.9\tex\latex\graphics\graphics.sty"
Package: graphics 2009/02/05 v1.0o Standard LaTeX Graphics (DPC,SPQR)

("C:\Program Files\MiKTeX 2.9\tex\latex\graphics\trig.sty"
Package: trig 1999/03/16 v1.09 sin cos tan (DPC)
)
("C:\Program Files\MiKTeX 2.9\tex\latex\00miktex\graphics.cfg"
File: graphics.cfg 2007/01/18 v1.5 graphics configuration of teTeX/TeXLive
)
Package graphics Info: Driver file: pdftex.def on input line 91.

("C:\Program Files\MiKTeX 2.9\tex\latex\pdftex-def\pdftex.def"
File: pdftex.def 2011/05/27 v0.06d Graphics/color for pdfTeX

("C:\Program Files\MiKTeX 2.9\tex\generic\oberdiek\infwarerr.sty"
Package: infwarerr 2010/04/08 v1.3 Providing info/warning/error messages (HO)
)
("C:\Program Files\MiKTeX 2.9\tex\generic\oberdiek\ltxcmds.sty"
Package: ltxcmds 2011/11/09 v1.22 LaTeX kernel commands for general use (HO)
)
\Gread@gobject=\count87
))
\Gin@req@height=\dimen103
\Gin@req@width=\dimen104
)
("C:\Program Files\MiKTeX 2.9\tex\latex\geometry\geometry.sty"
Package: geometry 2010/09/12 v5.6 Page Geometry

("C:\Program Files\MiKTeX 2.9\tex\generic\oberdiek\ifpdf.sty"
Package: ifpdf 2011/01/30 v2.3 Provides the ifpdf switch (HO)
Package ifpdf Info: pdfTeX in PDF mode is detected.
)
("C:\Program Files\MiKTeX 2.9\tex\generic\oberdiek\ifvtex.sty"
Package: ifvtex 2010/03/01 v1.5 Detect VTeX and its facilities (HO)
Package ifvtex Info: VTeX not detected.
)
("C:\Program Files\MiKTeX 2.9\tex\generic\ifxetex\ifxetex.sty"
Package: ifxetex 2010/09/12 v0.6 Provides ifxetex conditional
)
\Gm@cnth=\count88
\Gm@cntv=\count89
\c@Gm@tempcnt=\count90
\Gm@bindingoffset=\dimen105
\Gm@wd@mp=\dimen106
\Gm@odd@mp=\dimen107
\Gm@even@mp=\dimen108
\Gm@layoutwidth=\dimen109
\Gm@layoutheight=\dimen110
\Gm@layouthoffset=\dimen111
\Gm@layoutvoffset=\dimen112
\Gm@dimlist=\toks15

("C:\Program Files\MiKTeX 2.9\tex\latex\geometry\geometry.cfg"))
("C:\Program Files\MiKTeX 2.9\tex\latex\hyperref\hyperref.sty"
Package: hyperref 2012/05/13 v6.82q Hypertext links for LaTeX

("C:\Program Files\MiKTeX 2.9\tex\generic\oberdiek\hobsub-hyperref.sty"
Package: hobsub-hyperref 2012/04/25 v1.12 Bundle oberdiek, subset hyperref (HO)


("C:\Program Files\MiKTeX 2.9\tex\generic\oberdiek\hobsub-generic.sty"
Package: hobsub-generic 2012/04/25 v1.12 Bundle oberdiek, subset generic (HO)
Package: hobsub 2012/04/25 v1.12 Construct package bundles (HO)
Package hobsub Info: Skipping package `infwarerr' (already loaded).
Package hobsub Info: Skipping package `ltxcmds' (already loaded).
Package: ifluatex 2010/03/01 v1.3 Provides the ifluatex switch (HO)
Package ifluatex Info: LuaTeX not detected.
Package hobsub Info: Skipping package `ifvtex' (already loaded).
Package: intcalc 2007/09/27 v1.1 Expandable calculations with integers (HO)
Package hobsub Info: Skipping package `ifpdf' (already loaded).
Package: etexcmds 2011/02/16 v1.5 Avoid name clashes with e-TeX commands (HO)
Package etexcmds Info: Could not find \expanded.
(etexcmds)             That can mean that you are not using pdfTeX 1.50 or
(etexcmds)             that some package has redefined \expanded.
(etexcmds)             In the latter case, load this package earlier.
Package: kvsetkeys 2012/04/25 v1.16 Key value parser (HO)
Package: kvdefinekeys 2011/04/07 v1.3 Define keys (HO)
Package: pdftexcmds 2011/11/29 v0.20 Utility functions of pdfTeX for LuaTeX (HO
)
Package pdftexcmds Info: LuaTeX not detected.
Package pdftexcmds Info: \pdf@primitive is available.
Package pdftexcmds Info: \pdf@ifprimitive is available.
Package pdftexcmds Info: \pdfdraftmode found.
Package: pdfescape 2011/11/25 v1.13 Implements pdfTeX's escape features (HO)
Package: bigintcalc 2012/04/08 v1.3 Expandable calculations on big integers (HO
)
Package: bitset 2011/01/30 v1.1 Handle bit-vector datatype (HO)
Package: uniquecounter 2011/01/30 v1.2 Provide unlimited unique counter (HO)
)
Package hobsub Info: Skipping package `hobsub' (already loaded).
Package: letltxmacro 2010/09/02 v1.4 Let assignment for LaTeX macros (HO)
Package: hopatch 2011/06/24 v1.1 Wrapper for package hooks (HO)
Package: xcolor-patch 2011/01/30 xcolor patch
Package: atveryend 2011/06/30 v1.8 Hooks at the very end of document (HO)
Package atveryend Info: \enddocument detected (standard20110627).
Package: atbegshi 2011/10/05 v1.16 At begin shipout hook (HO)
Package: refcount 2011/10/16 v3.4 Data extraction from label references (HO)
Package: hycolor 2011/01/30 v1.7 Color options for hyperref/bookmark (HO)
)
("C:\Program Files\MiKTeX 2.9\tex\latex\oberdiek\kvoptions.sty"
Package: kvoptions 2011/06/30 v3.11 Key value format for package options (HO)
)
\@linkdim=\dimen113
\Hy@linkcounter=\count91
\Hy@pagecounter=\count92

("C:\Program Files\MiKTeX 2.9\tex\latex\hyperref\pd1enc.def"
File: pd1enc.def 2012/05/13 v6.82q Hyperref: PDFDocEncoding definition (HO)
)
\Hy@SavedSpaceFactor=\count93

("C:\Program Files\MiKTeX 2.9\tex\latex\00miktex\hyperref.cfg"
File: hyperref.cfg 2002/06/06 v1.2 hyperref configuration of TeXLive
)
Package hyperref Info: Hyper figures OFF on input line 4062.
Package hyperref Info: Link nesting OFF on input line 4067.
Package hyperref Info: Hyper index ON on input line 4070.
Package hyperref Info: Plain pages OFF on input line 4077.
Package hyperref Info: Backreferencing OFF on input line 4082.
Package hyperref Info: Implicit mode ON; LaTeX internals redefined.
Package hyperref Info: Bookmarks ON on input line 4300.
\c@Hy@tempcnt=\count94

("C:\Program Files\MiKTeX 2.9\tex\latex\ltxmisc\url.sty"
\Urlmuskip=\muskip10
Package: url 2006/04/12  ver 3.3  Verb mode for urls, etc.
)
LaTeX Info: Redefining \url on input line 4653.
\Fld@menulength=\count95
\Field@Width=\dimen114
\Fld@charsize=\dimen115
Package hyperref Info: Hyper figures OFF on input line 5773.
Package hyperref Info: Link nesting OFF on input line 5778.
Package hyperref Info: Hyper index ON on input line 5781.
Package hyperref Info: backreferencing OFF on input line 5788.
Package hyperref Info: Link coloring OFF on input line 5793.
Package hyperref Info: Link coloring with OCG OFF on input line 5798.
Package hyperref Info: PDF/A mode OFF on input line 5803.
LaTeX Info: Redefining \ref on input line 5843.
LaTeX Info: Redefining \pageref on input line 5847.
\Hy@abspage=\count96
\c@Item=\count97
\c@Hfootnote=\count98
)

Package hyperref Message: Driver (autodetected): hpdftex.

("C:\Program Files\MiKTeX 2.9\tex\latex\hyperref\hpdftex.def"
File: hpdftex.def 2012/05/13 v6.82q Hyperref driver for pdfTeX
\Fld@listcount=\count99
\c@bookmark@seq@number=\count100

("C:\Program Files\MiKTeX 2.9\tex\latex\oberdiek\rerunfilecheck.sty"
Package: rerunfilecheck 2011/04/15 v1.7 Rerun checks for auxiliary files (HO)
Package uniquecounter Info: New unique counter `rerunfilecheck' on input line 2
82.
)
\Hy@SectionHShift=\skip43
)
Package hyperref Info: Option `colorlinks' set `true' on input line 5.

(C:\Users\Griffin\Documents\GitHub\ProPANE\Dunn_Work_Log\Dunn_WorkLog.aux)
LaTeX Font Info:    Checking defaults for OML/cmm/m/it on input line 7.
LaTeX Font Info:    ... okay on input line 7.
LaTeX Font Info:    Checking defaults for T1/cmr/m/n on input line 7.
LaTeX Font Info:    ... okay on input line 7.
LaTeX Font Info:    Checking defaults for OT1/cmr/m/n on input line 7.
LaTeX Font Info:    ... okay on input line 7.
LaTeX Font Info:    Checking defaults for OMS/cmsy/m/n on input line 7.
LaTeX Font Info:    ... okay on input line 7.
LaTeX Font Info:    Checking defaults for OMX/cmex/m/n on input line 7.
LaTeX Font Info:    ... okay on input line 7.
LaTeX Font Info:    Checking defaults for U/cmr/m/n on input line 7.
LaTeX Font Info:    ... okay on input line 7.
LaTeX Font Info:    Checking defaults for PD1/pdf/m/n on input line 7.
LaTeX Font Info:    ... okay on input line 7.

("C:\Program Files\MiKTeX 2.9\tex\context\base\supp-pdf.mkii"
[Loading MPS to PDF converter (version 2006.09.02).]
\scratchcounter=\count101
\scratchdimen=\dimen116
\scratchbox=\box26
\nofMPsegments=\count102
\nofMParguments=\count103
\everyMPshowfont=\toks16
\MPscratchCnt=\count104
\MPscratchDim=\dimen117
\MPnumerator=\count105
\makeMPintoPDFobject=\count106
\everyMPtoPDFconversion=\toks17
)
*geometry* driver: auto-detecting
*geometry* detected driver: pdftex
*geometry* verbose mode - [ preamble ] result:
* driver: pdftex
* paper: <default>
* layout: <same size as paper>
* layoutoffset:(h,v)=(0.0pt,0.0pt)
* modes: 
* h-part:(L,W,R)=(90.3375pt, 433.62001pt, 90.3375pt)
* v-part:(T,H,B)=(72.26999pt, 650.43001pt, 72.26999pt)
* \paperwidth=614.295pt
* \paperheight=794.96999pt
* \textwidth=433.62001pt
* \textheight=650.43001pt
* \oddsidemargin=18.0675pt
* \evensidemargin=18.0675pt
* \topmargin=-37.0pt
* \headheight=12.0pt
* \headsep=25.0pt
* \topskip=10.0pt
* \footskip=30.0pt
* \marginparwidth=65.0pt
* \marginparsep=11.0pt
* \columnsep=10.0pt
* \skip\footins=9.0pt plus 4.0pt minus 2.0pt
* \hoffset=0.0pt
* \voffset=0.0pt
* \mag=1000
* \@twocolumnfalse
* \@twosidefalse
* \@mparswitchfalse
* \@reversemarginfalse
* (1in=72.27pt=25.4mm, 1cm=28.453pt)

\AtBeginShipoutBox=\box27
("C:\Program Files\MiKTeX 2.9\tex\latex\graphics\color.sty"
Package: color 2005/11/14 v1.0j Standard LaTeX Color (DPC)

("C:\Program Files\MiKTeX 2.9\tex\latex\00miktex\color.cfg"
File: color.cfg 2007/01/18 v1.5 color configuration of teTeX/TeXLive
)
Package color Info: Driver file: pdftex.def on input line 130.
)
Package hyperref Info: Link coloring ON on input line 7.

("C:\Program Files\MiKTeX 2.9\tex\latex\hyperref\nameref.sty"
Package: nameref 2010/04/30 v2.40 Cross-referencing by name of section

("C:\Program Files\MiKTeX 2.9\tex\generic\oberdiek\gettitlestring.sty"
Package: gettitlestring 2010/12/03 v1.4 Cleanup title references (HO)
)
\c@section@level=\count107
)
LaTeX Info: Redefining \ref on input line 7.
LaTeX Info: Redefining \pageref on input line 7.
LaTeX Info: Redefining \nameref on input line 7.

(C:\Users\Griffin\Documents\GitHub\ProPANE\Dunn_Work_Log\Dunn_WorkLog.out)
(C:\Users\Griffin\Documents\GitHub\ProPANE\Dunn_Work_Log\Dunn_WorkLog.out)
\@outlinefile=\write3

(C:\Users\Griffin\Documents\GitHub\ProPANE\Dunn_Work_Log\Dunn_WorkLog.toc
LaTeX Font Info:    External font `cmex10' loaded for size
(Font)              <7> on input line 4.
LaTeX Font Info:    External font `cmex10' loaded for size
(Font)              <5> on input line 4.

Overfull \hbox (26.14844pt too wide) in paragraph at lines 6--6
 [] [][][]\OT1/cmr/bx/n/10 Individual Work Cre-at-ing a Bud-get and Brain-storm
-ing for Doc-u-men-ta-tion 11/18/2012[][] []  
 []

[1

{C:/ProgramData/MiKTeX/2.9/pdftex/config/pdftex.map}])
\tf@toc=\write4
 [2] [3]
Underfull \hbox (badness 10000) in paragraph at lines 45--46

 []

LaTeX Font Info:    Try loading font information for OMS+cmr on input line 49.
("C:\Program Files\MiKTeX 2.9\tex\latex\base\omscmr.fd"
File: omscmr.fd 1999/05/25 v2.5h Standard LaTeX font definitions
)
LaTeX Font Info:    Font shape `OMS/cmr/m/n' in size <10> not available
(Font)              Font shape `OMS/cmsy/m/n' tried instead on input line 49.

Underfull \hbox (badness 10000) in paragraph at lines 71--72

 []

<images/budget.png, id=394, 578.16pt x 228.855pt>
File: images/budget.png Graphic file (type png)
 <use images/budget.png>
Package pdftex.def Info: images/budget.png used on input line 73.
(pdftex.def)             Requested size: 289.07928pt x 114.42722pt.

Underfull \hbox (badness 10000) in paragraph at lines 73--74

 []

[4]
Overfull \hbox (10.6344pt too wide) in paragraph at lines 80--80
[]\OT1/cmr/bx/n/14.4 Individual Work Ex-plor-ing more OpenCV fil-ters 11/15/201
2 
 []


Underfull \hbox (badness 10000) in paragraph at lines 82--84

 []

<images/bestResult.jpg, id=402, 2038.61626pt x 1083.04625pt>
File: images/bestResult.jpg Graphic file (type jpg)

<use images/bestResult.jpg>
Package pdftex.def Info: images/bestResult.jpg used on input line 85.
(pdftex.def)             Requested size: 407.71603pt x 216.60541pt.

Underfull \hbox (badness 10000) in paragraph at lines 85--86

 []


Underfull \hbox (badness 10000) in paragraph at lines 89--90

 []

[5 <C:/Users/Griffin/Documents/GitHub/ProPANE/Dunn_Work_Log/images/budget.png> 
<C:/Users/Griffin/Documents/GitHub/ProPANE/Dunn_Work_Log/images/bestResult.jpg>
] <images/cannyOriginal.jpg, id=407, 803.25093pt x 600.74437pt>
File: images/cannyOriginal.jpg Graphic file (type jpg)

<use images/cannyOriginal.jpg>
Package pdftex.def Info: images/cannyOriginal.jpg used on input line 91.
(pdftex.def)             Requested size: 216.88065pt x 162.20314pt.

<images/cannydemo.jpg, id=408, 1071.00125pt x 800.9925pt>
File: images/cannydemo.jpg Graphic file (type jpg)

<use images/cannydemo.jpg>
Package pdftex.def Info: images/cannydemo.jpg used on input line 92.
(pdftex.def)             Requested size: 214.19646pt x 160.19566pt.

<images/cannydemo2.jpg, id=409, 1071.00125pt x 800.9925pt>
File: images/cannydemo2.jpg Graphic file (type jpg)

<use images/cannydemo2.jpg>
Package pdftex.def Info: images/cannydemo2.jpg used on input line 93.
(pdftex.def)             Requested size: 214.19646pt x 160.19566pt.

<images/cannydemo3.jpg, id=410, 1071.00125pt x 800.9925pt>
File: images/cannydemo3.jpg Graphic file (type jpg)

<use images/cannydemo3.jpg>
Package pdftex.def Info: images/cannydemo3.jpg used on input line 94.
(pdftex.def)             Requested size: 214.19646pt x 160.19566pt.

Overfull \hbox (14.6793pt too wide) in paragraph at lines 91--95
[][] [] 
 []


Underfull \hbox (badness 10000) in paragraph at lines 91--95

 []


Underfull \hbox (badness 10000) in paragraph at lines 99--101

 []


Underfull \hbox (badness 10000) in paragraph at lines 102--103

 []


Overfull \hbox (21.12607pt too wide) in paragraph at lines 105--105
[]\OT1/cmr/bx/n/14.4 Individual Work Re-search-ing OpenCV 11/5/2012 - 11/7/2012
 
 []

[6 <C:/Users/Griffin/Documents/GitHub/ProPANE/Dunn_Work_Log/images/cannyOrigina
l.jpg> <C:/Users/Griffin/Documents/GitHub/ProPANE/Dunn_Work_Log/images/cannydem
o.jpg> <C:/Users/Griffin/Documents/GitHub/ProPANE/Dunn_Work_Log/images/cannydem
o2.jpg> <C:/Users/Griffin/Documents/GitHub/ProPANE/Dunn_Work_Log/images/cannyde
mo3.jpg>]
Underfull \hbox (badness 10000) in paragraph at lines 117--118

 []

<images/laplaceSmall.png, id=415, 378.66469pt x 285.31593pt>
File: images/laplaceSmall.png Graphic file (type png)

<use images/laplaceSmall.png>
Package pdftex.def Info: images/laplaceSmall.png used on input line 119.
(pdftex.def)             Requested size: 378.66376pt x 285.31523pt.

Underfull \hbox (badness 10000) in paragraph at lines 119--120

 []


Underfull \hbox (badness 10000) in paragraph at lines 123--124

 []

<images/originalSmall.png, id=416, 327.47343pt x 245.41687pt>
File: images/originalSmall.png Graphic file (type png)

<use images/originalSmall.png>
Package pdftex.def Info: images/originalSmall.png used on input line 126.
(pdftex.def)             Requested size: 327.47264pt x 245.41626pt.

<images/erodeSmall1.png, id=417, 326.72063pt x 243.91125pt>
File: images/erodeSmall1.png Graphic file (type png)

<use images/erodeSmall1.png>
Package pdftex.def Info: images/erodeSmall1.png used on input line 128.
(pdftex.def)             Requested size: 326.71982pt x 243.91064pt.

<images/erodeSmall2.png, id=418, 324.46219pt x 243.15843pt>
File: images/erodeSmall2.png Graphic file (type png)

<use images/erodeSmall2.png>
Package pdftex.def Info: images/erodeSmall2.png used on input line 130.
(pdftex.def)             Requested size: 324.46138pt x 243.15784pt.

Underfull \hbox (badness 10000) in paragraph at lines 125--131

 []

[7 <C:/Users/Griffin/Documents/GitHub/ProPANE/Dunn_Work_Log/images/laplaceSmall
.png>] [8 <C:/Users/Griffin/Documents/GitHub/ProPANE/Dunn_Work_Log/images/origi
nalSmall.png> <C:/Users/Griffin/Documents/GitHub/ProPANE/Dunn_Work_Log/images/e
rodeSmall1.png>]
Underfull \hbox (badness 10000) in paragraph at lines 133--134

 []

<images/dilateSmall.png, id=428, 325.96782pt x 245.41687pt>
File: images/dilateSmall.png Graphic file (type png)

<use images/dilateSmall.png>
Package pdftex.def Info: images/dilateSmall.png used on input line 135.
(pdftex.def)             Requested size: 325.96701pt x 245.41626pt.

Underfull \hbox (badness 10000) in paragraph at lines 135--136

 []


Overfull \hbox (19.99284pt too wide) in paragraph at lines 139--139
[]\OT1/cmr/bx/n/14.4 Individual work cre-at-ing Min-utes for Post Panel 2 10/31
/2012 
 []

[9 <C:/Users/Griffin/Documents/GitHub/ProPANE/Dunn_Work_Log/images/erodeSmall2.
png> <C:/Users/Griffin/Documents/GitHub/ProPANE/Dunn_Work_Log/images/dilateSmal
l.png>]
Underfull \hbox (badness 10000) in paragraph at lines 178--179

 []


Underfull \hbox (badness 10000) in paragraph at lines 193--194

 []


Underfull \hbox (badness 10000) in paragraph at lines 194--195

 []

[10]
Underfull \hbox (badness 10000) in paragraph at lines 195--196

 []


Underfull \hbox (badness 10000) in paragraph at lines 227--228

 []


Underfull \hbox (badness 10000) in paragraph at lines 232--233

 []

[11] <images/UnmodifiedClose.jpg, id=450, 770.12718pt x 577.40718pt>
File: images/UnmodifiedClose.jpg Graphic file (type jpg)

<use images/UnmodifiedClose.jpg>
Package pdftex.def Info: images/UnmodifiedClose.jpg used on input line 234.
(pdftex.def)             Requested size: 770.12529pt x 577.40578pt.

<images/ModifiedClose.jpg, id=451, 773.13844pt x 579.66562pt>
File: images/ModifiedClose.jpg Graphic file (type jpg)

<use images/ModifiedClose.jpg>
Package pdftex.def Info: images/ModifiedClose.jpg used on input line 235.
(pdftex.def)             Requested size: 773.13657pt x 579.6642pt.

Overfull \hbox (351.50528pt too wide) in paragraph at lines 234--236
[][] 
 []


Overfull \hbox (339.51656pt too wide) in paragraph at lines 234--236
[] 
 []


Underfull \hbox (badness 10000) in paragraph at lines 234--236

 []

[12] [13 <C:/Users/Griffin/Documents/GitHub/ProPANE/Dunn_Work_Log/images/Unmodi
fiedClose.jpg>]
<images/UnmodifiedPhoneClose.jpg, id=461, 822.07124pt x 615.80063pt>
File: images/UnmodifiedPhoneClose.jpg Graphic file (type jpg)

<use images/UnmodifiedPhoneClose.jpg>
Package pdftex.def Info: images/UnmodifiedPhoneClose.jpg used on input line 239
.
(pdftex.def)             Requested size: 822.06923pt x 615.79912pt.

<images/ModifiedPhoneClose.jpg, id=462, 819.06pt x 613.54219pt>
File: images/ModifiedPhoneClose.jpg Graphic file (type jpg)

<use images/ModifiedPhoneClose.jpg>
Package pdftex.def Info: images/ModifiedPhoneClose.jpg used on input line 240.
(pdftex.def)             Requested size: 819.058pt x 613.5407pt.

Overfull \hbox (403.44922pt too wide) in paragraph at lines 239--241
[][] 
 []


Overfull \hbox (385.43799pt too wide) in paragraph at lines 239--241
[] 
 []


Underfull \hbox (badness 10000) in paragraph at lines 239--241

 []

[14 <C:/Users/Griffin/Documents/GitHub/ProPANE/Dunn_Work_Log/images/ModifiedClo
se.jpg>] [15 <C:/Users/Griffin/Documents/GitHub/ProPANE/Dunn_Work_Log/images/Un
modifiedPhoneClose.jpg>]
<images/TableLevelCanon.jpg, id=471, 596.2275pt x 446.41782pt>
File: images/TableLevelCanon.jpg Graphic file (type jpg)

<use images/TableLevelCanon.jpg>
Package pdftex.def Info: images/TableLevelCanon.jpg used on input line 244.
(pdftex.def)             Requested size: 596.22604pt x 446.41672pt.

<images/ProjectorHeightCanon.jpg, id=472, 597.73312pt x 447.17062pt>
File: images/ProjectorHeightCanon.jpg Graphic file (type jpg)

<use images/ProjectorHeightCanon.jpg>
Package pdftex.def Info: images/ProjectorHeightCanon.jpg used on input line 245
.
(pdftex.def)             Requested size: 597.73166pt x 447.16953pt.

Overfull \hbox (177.60603pt too wide) in paragraph at lines 244--247
[][] 
 []


Overfull \hbox (164.11165pt too wide) in paragraph at lines 244--247
[] 
 []


Underfull \hbox (badness 10000) in paragraph at lines 244--247

 []

[16 <C:/Users/Griffin/Documents/GitHub/ProPANE/Dunn_Work_Log/images/ModifiedPho
neClose.jpg>] [17 <C:/Users/Griffin/Documents/GitHub/ProPANE/Dunn_Work_Log/imag
es/TableLevelCanon.jpg>]
Underfull \hbox (badness 10000) in paragraph at lines 249--251

 []


Underfull \hbox (badness 10000) in paragraph at lines 252--253

 []


Underfull \hbox (badness 10000) in paragraph at lines 258--260

 []

[18 <C:/Users/Griffin/Documents/GitHub/ProPANE/Dunn_Work_Log/images/ProjectorHe
ightCanon.jpg>]
Underfull \hbox (badness 10000) in paragraph at lines 275--276

 []

<images/ImageClarityWithImageJ.jpg, id=485, 335.75438pt x 446.41782pt>
File: images/ImageClarityWithImageJ.jpg Graphic file (type jpg)

<use images/ImageClarityWithImageJ.jpg>
Package pdftex.def Info: images/ImageClarityWithImageJ.jpg used on input line 2
77.
(pdftex.def)             Requested size: 335.75356pt x 446.41672pt.

Underfull \hbox (badness 10000) in paragraph at lines 277--278

 []

[19]
Underfull \hbox (badness 10000) in paragraph at lines 279--280

 []


Underfull \hbox (badness 10000) in paragraph at lines 283--284

 []


Underfull \hbox (badness 10000) in paragraph at lines 285--287

 []


Underfull \hbox (badness 10000) in paragraph at lines 288--290

 []


Underfull \hbox (badness 10000) in paragraph at lines 295--296

 []

[20 <C:/Users/Griffin/Documents/GitHub/ProPANE/Dunn_Work_Log/images/ImageClarit
yWithImageJ.jpg>]
Underfull \hbox (badness 10000) in paragraph at lines 302--303

 []


Underfull \hbox (badness 10000) in paragraph at lines 305--306

 []


Underfull \hbox (badness 10000) in paragraph at lines 307--309

 []


Underfull \hbox (badness 10000) in paragraph at lines 310--312

 []


Underfull \hbox (badness 10000) in paragraph at lines 313--315

 []

[21] [22] [23]
Underfull \hbox (badness 10000) in paragraph at lines 432--433

 []


Underfull \hbox (badness 10000) in paragraph at lines 434--436

 []


Underfull \hbox (badness 10000) in paragraph at lines 437--438

 []


Underfull \hbox (badness 10000) in paragraph at lines 439--441

 []

Missing character: There is no √ in font cmr10!
Missing character: There is no ¨ in font cmr10!
Missing character: There is no √ in font cmr10!
Missing character: There is no Æ in font cmr10!

Underfull \hbox (badness 10000) in paragraph at lines 442--443

 []

[24]
Underfull \hbox (badness 10000) in paragraph at lines 444--446

 []

Missing character: There is no √ in font cmr10!
Missing character: There is no ´ in font cmr10!
Missing character: There is no √ in font cmr10!
Missing character: There is no ≠ in font cmr10!
Missing character: There is no √ in font cmr10!
Missing character: There is no ≠ in font cmr10!

Underfull \hbox (badness 10000) in paragraph at lines 447--448

 []


Underfull \hbox (badness 10000) in paragraph at lines 449--451

 []

Missing character: There is no √ in font cmr10!
Missing character: There is no ≠ in font cmr10!
Missing character: There is no √ in font cmr10!
Missing character: There is no ≠ in font cmr10!

Underfull \hbox (badness 10000) in paragraph at lines 452--453

 []


Underfull \hbox (badness 10000) in paragraph at lines 457--460

 []

[25]
Overfull \hbox (4.87663pt too wide) in paragraph at lines 476--477
[][][]$\OT1/cmtt/m/n/10 http : / / www . amazon . com / Nikon-[]COOLPIX-[]Digit
al-[]Optical-[]3-[]5-[]inch / dp / B0090SLKUM$[][] 
 []


Overfull \hbox (7.62659pt too wide) in paragraph at lines 480--481
[][][]$\OT1/cmtt/m/n/10 http : / / pdadb . net / index . php ? m = specs&id = 3
813&c = samsung _ ek-[]gc100 _ galaxy _ camera$[][] 
 []


Overfull \hbox (30.1264pt too wide) in paragraph at lines 484--485
[][][]$\OT1/cmtt/m/n/10 http : / / www . upi . com / Science _ News / 2012 / 01
 / 16 / Polaroid-[]joins-[]digital-[]camera-[]arena /$
 []


Overfull \hbox (2.12619pt too wide) in paragraph at lines 492--498
[][][]$\OT1/cmtt/m/n/10 http : / / www . sfasu . edu / disabilityservices / fac
ultyandstaff / for _ service _ providers / note _$
 []


Underfull \hbox (badness 10000) in paragraph at lines 492--498

 []

[26] [27]
Underfull \hbox (badness 10000) in paragraph at lines 585--587

 []


Underfull \hbox (badness 10000) in paragraph at lines 591--592

 []


Underfull \hbox (badness 10000) in paragraph at lines 593--594

 []

<images/team1.jpg, id=547, 251.43938pt x 361.35pt>
File: images/team1.jpg Graphic file (type jpg)
 <use images/team1.jpg>
Package pdftex.def Info: images/team1.jpg used on input line 595.
(pdftex.def)             Requested size: 251.43875pt x 361.34912pt.

<images/team2.jpg, id=548, 251.43938pt x 361.35pt>
File: images/team2.jpg Graphic file (type jpg)
 <use images/team2.jpg>
Package pdftex.def Info: images/team2.jpg used on input line 596.
(pdftex.def)             Requested size: 251.43875pt x 361.34912pt.

Overfull \hbox (86.4797pt too wide) in paragraph at lines 595--597
[][] [] 
 []

[28]
Missing character: There is no ‚ in font cmr10!
Missing character: There is no Ä in font cmr10!
Missing character: There is no ô in font cmr10!
Missing character: There is no ‚ in font cmr10!
Missing character: There is no Ä in font cmr10!
Missing character: There is no ú in font cmr10!
Missing character: There is no ‚ in font cmr10!
Missing character: There is no Ä in font cmr10!
Missing character: There is no ù in font cmr10!

Underfull \hbox (badness 10000) in paragraph at lines 605--606

 []


Underfull \hbox (badness 10000) in paragraph at lines 607--608

 []


Underfull \hbox (badness 10000) in paragraph at lines 610--611

 []

[29 <C:/Users/Griffin/Documents/GitHub/ProPANE/Dunn_Work_Log/images/team1.jpg> 
<C:/Users/Griffin/Documents/GitHub/ProPANE/Dunn_Work_Log/images/team2.jpg>]
Underfull \hbox (badness 10000) in paragraph at lines 612--613

 []


Underfull \hbox (badness 10000) in paragraph at lines 614--615

 []

Missing character: There is no ‚ in font cmr10!
Missing character: There is no Ä in font cmr10!
Missing character: There is no ô in font cmr10!

Underfull \hbox (badness 10000) in paragraph at lines 616--617

 []


Underfull \hbox (badness 10000) in paragraph at lines 618--619

 []

<images/autoCrop.jpg, id=559, 272.51813pt x 484.05844pt>
File: images/autoCrop.jpg Graphic file (type jpg)

<use images/autoCrop.jpg>
Package pdftex.def Info: images/autoCrop.jpg used on input line 621.
(pdftex.def)             Requested size: 272.51746pt x 484.05725pt.
 [30]
Missing character: There is no ‚ in font cmr10!
Missing character: There is no Ä in font cmr10!
Missing character: There is no ô in font cmr10!
Missing character: There is no ‚ in font cmr10!
Missing character: There is no Ä in font cmr10!
Missing character: There is no ô in font cmr10!

Underfull \hbox (badness 10000) in paragraph at lines 625--626

 []


Underfull \hbox (badness 10000) in paragraph at lines 627--630

 []

[31 <C:/Users/Griffin/Documents/GitHub/ProPANE/Dunn_Work_Log/images/autoCrop.jp
g>]
Missing character: There is no ‚ in font cmr10!
Missing character: There is no Ä in font cmr10!
Missing character: There is no ò in font cmr10!
Missing character: There is no ‚ in font cmr10!
Missing character: There is no Ä in font cmr10!
Missing character: There is no ô in font cmr10!
Missing character: There is no ‚ in font cmr10!
Missing character: There is no Ä in font cmr10!
Missing character: There is no ô in font cmr10!
Missing character: There is no ‚ in font cmr10!
Missing character: There is no Ä in font cmr10!
Missing character: There is no ô in font cmr10!
Missing character: There is no ‚ in font cmr10!
Missing character: There is no Ä in font cmr10!
Missing character: There is no ô in font cmr10!
 <images/WhiteboardIt.jpg, id=571, 190.2015pt x 253.9305pt>
File: images/WhiteboardIt.jpg Graphic file (type jpg)

<use images/WhiteboardIt.jpg>
Package pdftex.def Info: images/WhiteboardIt.jpg used on input line 668.
(pdftex.def)             Requested size: 190.20103pt x 253.92987pt.

<images/WhiteboardIt2.jpg, id=572, 163.9215pt x 252.945pt>
File: images/WhiteboardIt2.jpg Graphic file (type jpg)

<use images/WhiteboardIt2.jpg>
Package pdftex.def Info: images/WhiteboardIt2.jpg used on input line 669.
(pdftex.def)             Requested size: 163.92108pt x 252.94438pt.

Underfull \hbox (badness 10000) in paragraph at lines 668--670

 []

[32]
Missing character: There is no ‚ in font cmr10!
Missing character: There is no Ä in font cmr10!
Missing character: There is no ô in font cmr10!

Underfull \hbox (badness 10000) in paragraph at lines 671--681

 []


Underfull \hbox (badness 10000) in paragraph at lines 671--681

 []


Underfull \hbox (badness 10000) in paragraph at lines 671--681

 []

<images/Griffin.jpg, id=578, 149.8097pt x 103.88812pt>
File: images/Griffin.jpg Graphic file (type jpg)

<use images/Griffin.jpg>
Package pdftex.def Info: images/Griffin.jpg used on input line 696.
(pdftex.def)             Requested size: 149.80931pt x 103.88786pt.
 <images/Colin.jpg, id=579, 139.27031pt x 149.8097pt>
File: images/Colin.jpg Graphic file (type jpg)

<use images/Colin.jpg>
Package pdftex.def Info: images/Colin.jpg used on input line 697.
(pdftex.def)             Requested size: 139.26996pt x 149.80931pt.
 <images/Phil.jpg, id=580, 131.74219pt x 150.5625pt>
File: images/Phil.jpg Graphic file (type jpg)

<use images/Phil.jpg>
Package pdftex.def Info: images/Phil.jpg used on input line 698.
(pdftex.def)             Requested size: 131.74185pt x 150.56212pt.
Missing character: There is no ‚ in font cmr10!
Missing character: There is no Ä in font cmr10!
Missing character: There is no ô in font cmr10!
 [33 <C:/Users/Griffin/Documents/GitHub/ProPANE/Dunn_Work_Log/images/Whiteboard
It.jpg> <C:/Users/Griffin/Documents/GitHub/ProPANE/Dunn_Work_Log/images/Whitebo
ardIt2.jpg>]
Underfull \hbox (badness 10000) in paragraph at lines 719--721

 []

[34 <C:/Users/Griffin/Documents/GitHub/ProPANE/Dunn_Work_Log/images/Griffin.jpg
> <C:/Users/Griffin/Documents/GitHub/ProPANE/Dunn_Work_Log/images/Colin.jpg> <C
:/Users/Griffin/Documents/GitHub/ProPANE/Dunn_Work_Log/images/Phil.jpg>]
Underfull \hbox (badness 10000) in paragraph at lines 730--731

 []


Underfull \hbox (badness 10000) in paragraph at lines 733--734

 []


Underfull \hbox (badness 10000) in paragraph at lines 744--745

 []

Missing character: There is no ‚ in font cmr10!
Missing character: There is no Ä in font cmr10!
Missing character: There is no ô in font cmr10!
Missing character: There is no ‚ in font cmr10!
Missing character: There is no Ä in font cmr10!
Missing character: There is no ô in font cmr10!
Missing character: There is no ‚ in font cmr10!
Missing character: There is no Ä in font cmr10!
Missing character: There is no ô in font cmr10!

Underfull \hbox (badness 10000) in paragraph at lines 757--758

 []

Missing character: There is no ‚ in font cmr10!
Missing character: There is no Ä in font cmr10!
Missing character: There is no ò in font cmr10!
Missing character: There is no ‚ in font cmr10!
Missing character: There is no Ä in font cmr10!
Missing character: There is no ô in font cmr10!
Missing character: There is no ‚ in font cmr10!
Missing character: There is no Ä in font cmr10!
Missing character: There is no ò in font cmr10!
Missing character: There is no ‚ in font cmr10!
Missing character: There is no Ä in font cmr10!
Missing character: There is no ô in font cmr10!
Missing character: There is no ‚ in font cmr10!
Missing character: There is no Ä in font cmr10!
Missing character: There is no ô in font cmr10!

Underfull \hbox (badness 10000) in paragraph at lines 768--769

 []

[35] <images/logo.jpeg, id=596, 100.375pt x 100.375pt>
File: images/logo.jpeg Graphic file (type jpg)
 <use images/logo.jpeg>
Package pdftex.def Info: images/logo.jpeg used on input line 772.
(pdftex.def)             Requested size: 100.37474pt x 100.37474pt.

Underfull \hbox (badness 10000) in paragraph at lines 771--773

 []

Missing character: There is no ‚ in font cmr10!
Missing character: There is no Ä in font cmr10!
Missing character: There is no ú in font cmr10!
Missing character: There is no ‚ in font cmr10!
Missing character: There is no Ä in font cmr10!
Missing character: There is no ù in font cmr10!

Underfull \hbox (badness 10000) in paragraph at lines 778--779

 []


Underfull \hbox (badness 10000) in paragraph at lines 780--781

 []

Package atveryend Info: Empty hook `BeforeClearDocument' on input line 785.
[36 <C:/Users/Griffin/Documents/GitHub/ProPANE/Dunn_Work_Log/images/logo.jpeg>]
Package atveryend Info: Empty hook `AfterLastShipout' on input line 785.
(C:\Users\Griffin\Documents\GitHub\ProPANE\Dunn_Work_Log\Dunn_WorkLog.aux)
Package atveryend Info: Executing hook `AtVeryEndDocument' on input line 785.
Package atveryend Info: Executing hook `AtEndAfterFileList' on input line 785.


Package rerunfilecheck Warning: File `Dunn_WorkLog.out' has changed.
(rerunfilecheck)                Rerun to get outlines right
(rerunfilecheck)                or use package `bookmark'.

Package rerunfilecheck Info: Checksums for `Dunn_WorkLog.out':
(rerunfilecheck)             Before: 361C489CA64A9E9A7CEC1BA234404024;5631
(rerunfilecheck)             After:  B9C4C4C738688F21D84AE5C86EBCF1C7;5744.
Package atveryend Info: Empty hook `AtVeryVeryEnd' on input line 785.
 ) 
Here is how much of TeX's memory you used:
 5683 strings out of 494045
 85515 string characters out of 3148380
 173756 words of memory out of 3000000
 8781 multiletter control sequences out of 15000+200000
 5672 words of font info for 21 fonts, out of 3000000 for 9000
 715 hyphenation exceptions out of 8191
 29i,6n,28p,1147b,438s stack positions out of 5000i,500n,10000p,200000b,50000s
pdfTeX warning (dest): name{subsection.24.4} has been referenced but does not
 exist, replaced by a fixed one

pdfTeX warning (dest): name{subsection.24.3} has been referenced but does not e
xist, replaced by a fixed one

pdfTeX warning (dest): name{subsubsection.23.2.1} has been referenced but does 
not exist, replaced by a fixed one

pdfTeX warning (dest): name{subsection.23.2} has been referenced but does not e
xist, replaced by a fixed one

pdfTeX warning (dest): name{subsection.21.3} has been referenced but does not e
xist, replaced by a fixed one

pdfTeX warning (dest): name{subsection.21.2} has been referenced but does not e
xist, replaced by a fixed one

pdfTeX warning (dest): name{subsection.19.5} has been referenced but does not e
xist, replaced by a fixed one

pdfTeX warning (dest): name{subsection.19.4} has been referenced but does not e
xist, replaced by a fixed one

pdfTeX warning (dest): name{subsection.19.3} has been referenced but does not e
xist, replaced by a fixed one

pdfTeX warning (dest): name{subsection.19.2} has been referenced but does not e
xist, replaced by a fixed one

pdfTeX warning (dest): name{subsection.19.1} has been referenced but does not e
xist, replaced by a fixed one

pdfTeX warning (dest): name{subsection.15.4} has been referenced but does not e
xist, replaced by a fixed one

pdfTeX warning (dest): name{subsection.15.3} has been referenced but does not e
xist, replaced by a fixed one

pdfTeX warning (dest): name{subsection.14.2} has been referenced but does not e
xist, replaced by a fixed one

pdfTeX warning (dest): name{subsection.11.3} has been referenced but does not e
xist, replaced by a fixed one

pdfTeX warning (dest): name{subsection.11.2} has been referenced but does not e
xist, replaced by a fixed one

pdfTeX warning (dest): name{subsection.11.1} has been referenced but does not e
xist, replaced by a fixed one

pdfTeX warning (dest): name{subsection.9.6} has been referenced but does not ex
ist, replaced by a fixed one

pdfTeX warning (dest): name{subsection.9.5} has been referenced but does not ex
ist, replaced by a fixed one

pdfTeX warning (dest): name{subsection.7.5} has been referenced but does not ex
ist, replaced by a fixed one

pdfTeX warning (dest): name{subsection.7.4} has been referenced but does not ex
ist, replaced by a fixed one

pdfTeX warning (dest): name{subsection.7.3} has been referenced but does not ex
ist, replaced by a fixed one

pdfTeX warning (dest): name{subsection.7.2} has been referenced but does not ex
ist, replaced by a fixed one

pdfTeX warning (dest): name{subsection.7.1} has been referenced but does not ex
ist, replaced by a fixed one

pdfTeX warning (dest): name{subsection.3.2} has been referenced but does not ex
ist, replaced by a fixed one

pdfTeX warning (dest): name{subsection.3.1} has been referenced but does not ex
ist, replaced by a fixed one

<C:/Program Files/MiKTeX 2.9/fonts/type1/public/amsfonts/cm/cmbx10.pfb><C:/Prog
ram Files/MiKTeX 2.9/fonts/type1/public/amsfonts/cm/cmbx12.pfb><C:/Program File
s/MiKTeX 2.9/fonts/type1/public/amsfonts/cm/cmr10.pfb><C:/Program Files/MiKTeX 
2.9/fonts/type1/public/amsfonts/cm/cmsy10.pfb><C:/Program Files/MiKTeX 2.9/font
s/type1/public/amsfonts/cm/cmti10.pfb><C:/Program Files/MiKTeX 2.9/fonts/type1/
public/amsfonts/cm/cmtt10.pfb>
Output written on Dunn_WorkLog.pdf (36 pages, 4746621 bytes).
PDF statistics:
 658 PDF objects out of 1000 (max. 8388607)
 147 named destinations out of 1000 (max. 500000)
 728 words of extra memory for PDF output out of 10000 (max. 10000000)

