\BOOKMARK [1][-]{section.1}{Group Work With Colin To Finish Up Documentation 10/10/2012}{}% 1
\BOOKMARK [2][-]{subsection.1.1}{Introduction}{section.1}% 2
\BOOKMARK [2][-]{subsection.1.2}{CamScanner -Phone PDF Creator}{section.1}% 3
\BOOKMARK [2][-]{subsection.1.3}{Whiteboard Capture Pro}{section.1}% 4
\BOOKMARK [1][-]{section.2}{Individual Work on Further Research on Phone Apps 09/20/2012}{}% 5
\BOOKMARK [2][-]{subsection.2.1}{APPS}{section.2}% 6
\BOOKMARK [2][-]{subsection.2.2}{Whiteboard Capture Pro}{section.2}% 7
\BOOKMARK [2][-]{subsection.2.3}{WBConference}{section.2}% 8
\BOOKMARK [2][-]{subsection.2.4}{CamScanner -Phone PDF Creator}{section.2}% 9
\BOOKMARK [2][-]{subsection.2.5}{Whiteboard Snap}{section.2}% 10
\BOOKMARK [1][-]{section.3}{Group Meeting with Clients 09/12/2012}{}% 11
\BOOKMARK [2][-]{subsection.3.1}{Base System Requirements}{section.3}% 12
\BOOKMARK [1][-]{section.4}{Individual Work on Further Research and Website Content 09/12/2012}{}% 13
\BOOKMARK [2][-]{subsection.4.1}{Website Content}{section.4}% 14
\BOOKMARK [2][-]{subsection.4.2}{Further Research}{section.4}% 15
\BOOKMARK [2][-]{subsection.4.3}{Additional Apps:}{section.4}% 16
\BOOKMARK [1][-]{section.5}{09/11/2012}{}% 17
\BOOKMARK [2][-]{subsection.5.1}{Design Constraints}{section.5}% 18
\BOOKMARK [1][-]{section.6}{Individual Work on Competing Technologies 09/05/2012}{}% 19
\BOOKMARK [2][-]{subsection.6.1}{The Phone App}{section.6}% 20
\BOOKMARK [2][-]{subsection.6.2}{Scanners}{section.6}% 21
\BOOKMARK [3][-]{subsubsection.6.2.1}{Electronic Whiteboards}{subsection.6.2}% 22
\BOOKMARK [1][-]{section.7}{Initial Group Meeting 08/30/2012}{}% 23
\BOOKMARK [2][-]{subsection.7.1}{Team Name}{section.7}% 24
\BOOKMARK [2][-]{subsection.7.2}{Team Logo}{section.7}% 25
\BOOKMARK [2][-]{subsection.7.3}{Document Template}{section.7}% 26
\BOOKMARK [2][-]{subsection.7.4}{Technical Specifications}{section.7}% 27
