\BOOKMARK [1][-]{section.1}{Project Overview}{}% 1
\BOOKMARK [1][-]{section.2}{Background}{}% 2
\BOOKMARK [2][-]{subsection.2.1}{Signal Processing}{section.2}% 3
\BOOKMARK [2][-]{subsection.2.2}{Image Processing}{section.2}% 4
\BOOKMARK [2][-]{subsection.2.3}{Image Processing Tools}{section.2}% 5
\BOOKMARK [2][-]{subsection.2.4}{Image Processing Techniques}{section.2}% 6
\BOOKMARK [2][-]{subsection.2.5}{Learning Disabilaties}{section.2}% 7
\BOOKMARK [1][-]{section.3}{Specification}{}% 8
\BOOKMARK [2][-]{subsection.3.1}{Overview}{section.3}% 9
\BOOKMARK [2][-]{subsection.3.2}{System Breakdown}{section.3}% 10
\BOOKMARK [3][-]{subsubsection.3.2.1}{Capture System}{subsection.3.2}% 11
\BOOKMARK [3][-]{subsubsection.3.2.2}{Analysis System}{subsection.3.2}% 12
\BOOKMARK [2][-]{subsection.3.3}{Use Case}{section.3}% 13
\BOOKMARK [2][-]{subsection.3.4}{List of Deliverables}{section.3}% 14
\BOOKMARK [2][-]{subsection.3.5}{Setup}{section.3}% 15
\BOOKMARK [3][-]{subsubsection.3.5.1}{Maximum Time Required}{subsection.3.5}% 16
\BOOKMARK [2][-]{subsection.3.6}{Capabilities}{section.3}% 17
\BOOKMARK [3][-]{subsubsection.3.6.1}{Information Capture}{subsection.3.6}% 18
\BOOKMARK [2][-]{subsection.3.7}{Operating Specifications}{section.3}% 19
\BOOKMARK [3][-]{subsubsection.3.7.1}{Minimum Distance from Board}{subsection.3.7}% 20
\BOOKMARK [3][-]{subsubsection.3.7.2}{Maximum Distance from Board}{subsection.3.7}% 21
\BOOKMARK [2][-]{subsection.3.8}{Dimensions}{section.3}% 22
\BOOKMARK [3][-]{subsubsection.3.8.1}{Maximum Weight}{subsection.3.8}% 23
\BOOKMARK [3][-]{subsubsection.3.8.2}{Maximum Size}{subsection.3.8}% 24
\BOOKMARK [2][-]{subsection.3.9}{Operating System}{section.3}% 25
\BOOKMARK [3][-]{subsubsection.3.9.1}{Analysis System}{subsection.3.9}% 26
\BOOKMARK [2][-]{subsection.3.10}{File Formats}{section.3}% 27
\BOOKMARK [3][-]{subsubsection.3.10.1}{Proprietary Formats}{subsection.3.10}% 28
\BOOKMARK [3][-]{subsubsection.3.10.2}{Editable}{subsection.3.10}% 29
\BOOKMARK [2][-]{subsection.3.11}{Capture System}{section.3}% 30
\BOOKMARK [3][-]{subsubsection.3.11.1}{Starting Mechanism}{subsection.3.11}% 31
\BOOKMARK [3][-]{subsubsection.3.11.2}{Stopping Mechanism}{subsection.3.11}% 32
\BOOKMARK [2][-]{subsection.3.12}{Analysis System}{section.3}% 33
\BOOKMARK [3][-]{subsubsection.3.12.1}{Image Browsing}{subsection.3.12}% 34
\BOOKMARK [3][-]{subsubsection.3.12.2}{Export System}{subsection.3.12}% 35
\BOOKMARK [2][-]{subsection.3.13}{Additional Features}{section.3}% 36
\BOOKMARK [3][-]{subsubsection.3.13.1}{Multiple Boards}{subsection.3.13}% 37
\BOOKMARK [3][-]{subsubsection.3.13.2}{Blackboards}{subsection.3.13}% 38
\BOOKMARK [3][-]{subsubsection.3.13.3}{Browsing}{subsection.3.13}% 39
\BOOKMARK [3][-]{subsubsection.3.13.4}{Editing}{subsection.3.13}% 40
\BOOKMARK [1][-]{section.4}{Specification Verification}{}% 41
\BOOKMARK [2][-]{subsection.4.1}{Results from Specification Testing}{section.4}% 42
\BOOKMARK [2][-]{subsection.4.2}{Adjustments to Specifications}{section.4}% 43
\BOOKMARK [2][-]{subsection.4.3}{Additional Specifications Looking Back}{section.4}% 44
\BOOKMARK [1][-]{section.5}{Design Evolution}{}% 45
\BOOKMARK [2][-]{subsection.5.1}{System Architecture}{section.5}% 46
\BOOKMARK [2][-]{subsection.5.2}{Capture System}{section.5}% 47
\BOOKMARK [2][-]{subsection.5.3}{Analysis System}{section.5}% 48
\BOOKMARK [2][-]{subsection.5.4}{Backend System}{section.5}% 49
