\BOOKMARK [1][-]{section.1}{Design Overview}{}% 1
\BOOKMARK [2][-]{subsection.1.1}{Concept of Operation}{section.1}% 2
\BOOKMARK [2][-]{subsection.1.2}{Capture System Overview}{section.1}% 3
\BOOKMARK [1][-]{section.2}{Capture System}{}% 4
\BOOKMARK [2][-]{subsection.2.1}{Camera}{section.2}% 5
\BOOKMARK [3][-]{subsubsection.2.1.1}{Camera Criteria}{subsection.2.1}% 6
\BOOKMARK [3][-]{subsubsection.2.1.2}{Camera Comparisons}{subsection.2.1}% 7
\BOOKMARK [2][-]{subsection.2.2}{Sony VCT-R100 Tripod}{section.2}% 8
\BOOKMARK [2][-]{subsection.2.3}{Application}{section.2}% 9
\BOOKMARK [3][-]{subsubsection.2.3.1}{Graphical Layout}{subsection.2.3}% 10
\BOOKMARK [3][-]{subsubsection.2.3.2}{Class Design}{subsection.2.3}% 11
\BOOKMARK [1][-]{section.3}{Analysis System}{}% 12
\BOOKMARK [2][-]{subsection.3.1}{Hardware}{section.3}% 13
\BOOKMARK [2][-]{subsection.3.2}{Software}{section.3}% 14
\BOOKMARK [2][-]{subsection.3.3}{Class Design}{section.3}% 15
\BOOKMARK [3][-]{subsubsection.3.3.1}{ImageSequence}{subsection.3.3}% 16
\BOOKMARK [3][-]{subsubsection.3.3.2}{Image}{subsection.3.3}% 17
\BOOKMARK [3][-]{subsubsection.3.3.3}{Cell}{subsection.3.3}% 18
\BOOKMARK [3][-]{subsubsection.3.3.4}{CellType}{subsection.3.3}% 19
\BOOKMARK [2][-]{subsection.3.4}{Cell Classification}{section.3}% 20
\BOOKMARK [2][-]{subsection.3.5}{Image Stitching}{section.3}% 21
\BOOKMARK [1][-]{section.4}{Budget}{}% 22
\BOOKMARK [1][-]{section.5}{Tentative Schedule}{}% 23
