This is pdfTeX, Version 3.1415926-2.4-1.40.13 (MiKTeX 2.9) (preloaded format=pdflatex 2012.9.23)  18 OCT 2012 14:12
entering extended mode
**background.tex
("C:\Users\ctm013\Colin\Documents\ELEC 400\ProPANE\Background\background.tex"
LaTeX2e <2011/06/27>
Babel <v3.8m> and hyphenation patterns for english, afrikaans, ancientgreek, ar
abic, armenian, assamese, basque, bengali, bokmal, bulgarian, catalan, coptic, 
croatian, czech, danish, dutch, esperanto, estonian, farsi, finnish, french, ga
lician, german, german-x-2012-05-30, greek, gujarati, hindi, hungarian, iceland
ic, indonesian, interlingua, irish, italian, kannada, kurmanji, latin, latvian,
 lithuanian, malayalam, marathi, mongolian, mongolianlmc, monogreek, ngerman, n
german-x-2012-05-30, nynorsk, oriya, panjabi, pinyin, polish, portuguese, roman
ian, russian, sanskrit, serbian, slovak, slovenian, spanish, swedish, swissgerm
an, tamil, telugu, turkish, turkmen, ukenglish, ukrainian, uppersorbian, usengl
ishmax, welsh, loaded.
("C:\Program Files\MiKTeX 2.9\tex\latex\base\article.cls"
Document Class: article 2007/10/19 v1.4h Standard LaTeX document class
("C:\Program Files\MiKTeX 2.9\tex\latex\base\size10.clo"
File: size10.clo 2007/10/19 v1.4h Standard LaTeX file (size option)
)
\c@part=\count79
\c@section=\count80
\c@subsection=\count81
\c@subsubsection=\count82
\c@paragraph=\count83
\c@subparagraph=\count84
\c@figure=\count85
\c@table=\count86
\abovecaptionskip=\skip41
\belowcaptionskip=\skip42
\bibindent=\dimen102
)
("C:\Program Files\MiKTeX 2.9\tex\latex\graphics\graphicx.sty"
Package: graphicx 1999/02/16 v1.0f Enhanced LaTeX Graphics (DPC,SPQR)

("C:\Program Files\MiKTeX 2.9\tex\latex\graphics\keyval.sty"
Package: keyval 1999/03/16 v1.13 key=value parser (DPC)
\KV@toks@=\toks14
)
("C:\Program Files\MiKTeX 2.9\tex\latex\graphics\graphics.sty"
Package: graphics 2009/02/05 v1.0o Standard LaTeX Graphics (DPC,SPQR)

("C:\Program Files\MiKTeX 2.9\tex\latex\graphics\trig.sty"
Package: trig 1999/03/16 v1.09 sin cos tan (DPC)
)
("C:\Program Files\MiKTeX 2.9\tex\latex\00miktex\graphics.cfg"
File: graphics.cfg 2007/01/18 v1.5 graphics configuration of teTeX/TeXLive
)
Package graphics Info: Driver file: pdftex.def on input line 91.

("C:\Program Files\MiKTeX 2.9\tex\latex\pdftex-def\pdftex.def"
File: pdftex.def 2011/05/27 v0.06d Graphics/color for pdfTeX

("C:\Program Files\MiKTeX 2.9\tex\generic\oberdiek\infwarerr.sty"
Package: infwarerr 2010/04/08 v1.3 Providing info/warning/error messages (HO)
)
("C:\Program Files\MiKTeX 2.9\tex\generic\oberdiek\ltxcmds.sty"
Package: ltxcmds 2011/11/09 v1.22 LaTeX kernel commands for general use (HO)
)
\Gread@gobject=\count87
))
\Gin@req@height=\dimen103
\Gin@req@width=\dimen104
)
("C:\Program Files\MiKTeX 2.9\tex\latex\base\fixltx2e.sty"
Package: fixltx2e 2006/09/13 v1.1m fixes to LaTeX
LaTeX Info: Redefining \em on input line 420.
)
("C:\Program Files\MiKTeX 2.9\tex\latex\float\float.sty"
Package: float 2001/11/08 v1.3d Float enhancements (AL)
\c@float@type=\count88
\float@exts=\toks15
\float@box=\box26
\@float@everytoks=\toks16
\@floatcapt=\box27
)
("C:\Program Files\MiKTeX 2.9\tex\latex\hyperref\hyperref.sty"
Package: hyperref 2012/08/21 v6.83c Hypertext links for LaTeX

("C:\Program Files\MiKTeX 2.9\tex\generic\oberdiek\hobsub-hyperref.sty"
Package: hobsub-hyperref 2012/04/25 v1.12 Bundle oberdiek, subset hyperref (HO)


("C:\Program Files\MiKTeX 2.9\tex\generic\oberdiek\hobsub-generic.sty"
Package: hobsub-generic 2012/04/25 v1.12 Bundle oberdiek, subset generic (HO)
Package: hobsub 2012/04/25 v1.12 Construct package bundles (HO)
Package hobsub Info: Skipping package `infwarerr' (already loaded).
Package hobsub Info: Skipping package `ltxcmds' (already loaded).
Package: ifluatex 2010/03/01 v1.3 Provides the ifluatex switch (HO)
Package ifluatex Info: LuaTeX not detected.
Package: ifvtex 2010/03/01 v1.5 Detect VTeX and its facilities (HO)
Package ifvtex Info: VTeX not detected.
Package: intcalc 2007/09/27 v1.1 Expandable calculations with integers (HO)
Package: ifpdf 2011/01/30 v2.3 Provides the ifpdf switch (HO)
Package ifpdf Info: pdfTeX in PDF mode is detected.
Package: etexcmds 2011/02/16 v1.5 Avoid name clashes with e-TeX commands (HO)
Package etexcmds Info: Could not find \expanded.
(etexcmds)             That can mean that you are not using pdfTeX 1.50 or
(etexcmds)             that some package has redefined \expanded.
(etexcmds)             In the latter case, load this package earlier.
Package: kvsetkeys 2012/04/25 v1.16 Key value parser (HO)
Package: kvdefinekeys 2011/04/07 v1.3 Define keys (HO)
Package: pdftexcmds 2011/11/29 v0.20 Utility functions of pdfTeX for LuaTeX (HO
)
Package pdftexcmds Info: LuaTeX not detected.
Package pdftexcmds Info: \pdf@primitive is available.
Package pdftexcmds Info: \pdf@ifprimitive is available.
Package pdftexcmds Info: \pdfdraftmode found.
Package: pdfescape 2011/11/25 v1.13 Implements pdfTeX's escape features (HO)
Package: bigintcalc 2012/04/08 v1.3 Expandable calculations on big integers (HO
)
Package: bitset 2011/01/30 v1.1 Handle bit-vector datatype (HO)
Package: uniquecounter 2011/01/30 v1.2 Provide unlimited unique counter (HO)
)
Package hobsub Info: Skipping package `hobsub' (already loaded).
Package: letltxmacro 2010/09/02 v1.4 Let assignment for LaTeX macros (HO)
Package: hopatch 2011/06/24 v1.1 Wrapper for package hooks (HO)
Package: xcolor-patch 2011/01/30 xcolor patch
Package: atveryend 2011/06/30 v1.8 Hooks at the very end of document (HO)
Package atveryend Info: \enddocument detected (standard20110627).
Package: atbegshi 2011/10/05 v1.16 At begin shipout hook (HO)
Package: refcount 2011/10/16 v3.4 Data extraction from label references (HO)
Package: hycolor 2011/01/30 v1.7 Color options for hyperref/bookmark (HO)
)
("C:\Program Files\MiKTeX 2.9\tex\generic\ifxetex\ifxetex.sty"
Package: ifxetex 2010/09/12 v0.6 Provides ifxetex conditional
)
("C:\Program Files\MiKTeX 2.9\tex\latex\oberdiek\auxhook.sty"
Package: auxhook 2011/03/04 v1.3 Hooks for auxiliary files (HO)
)
("C:\Program Files\MiKTeX 2.9\tex\latex\oberdiek\kvoptions.sty"
Package: kvoptions 2011/06/30 v3.11 Key value format for package options (HO)
)
\@linkdim=\dimen105
\Hy@linkcounter=\count89
\Hy@pagecounter=\count90

("C:\Program Files\MiKTeX 2.9\tex\latex\hyperref\pd1enc.def"
File: pd1enc.def 2012/08/21 v6.83c Hyperref: PDFDocEncoding definition (HO)
)
\Hy@SavedSpaceFactor=\count91

("C:\Program Files\MiKTeX 2.9\tex\latex\00miktex\hyperref.cfg"
File: hyperref.cfg 2002/06/06 v1.2 hyperref configuration of TeXLive
)
Package hyperref Info: Hyper figures OFF on input line 4263.
Package hyperref Info: Link nesting OFF on input line 4268.
Package hyperref Info: Hyper index ON on input line 4271.
Package hyperref Info: Plain pages OFF on input line 4278.
Package hyperref Info: Backreferencing OFF on input line 4283.
Package hyperref Info: Implicit mode ON; LaTeX internals redefined.
Package hyperref Info: Bookmarks ON on input line 4501.
\c@Hy@tempcnt=\count92

("C:\Program Files\MiKTeX 2.9\tex\latex\ltxmisc\url.sty"
\Urlmuskip=\muskip10
Package: url 2006/04/12  ver 3.3  Verb mode for urls, etc.
)
LaTeX Info: Redefining \url on input line 4854.
\XeTeXLinkMargin=\dimen106
\Fld@menulength=\count93
\Field@Width=\dimen107
\Fld@charsize=\dimen108
Package hyperref Info: Hyper figures OFF on input line 6094.
Package hyperref Info: Link nesting OFF on input line 6099.
Package hyperref Info: Hyper index ON on input line 6102.
Package hyperref Info: backreferencing OFF on input line 6109.
Package hyperref Info: Link coloring OFF on input line 6114.
Package hyperref Info: Link coloring with OCG OFF on input line 6119.
Package hyperref Info: PDF/A mode OFF on input line 6124.
LaTeX Info: Redefining \ref on input line 6164.
LaTeX Info: Redefining \pageref on input line 6168.
\Hy@abspage=\count94
\c@Item=\count95
\c@Hfootnote=\count96
)

Package hyperref Message: Driver (autodetected): hpdftex.

("C:\Program Files\MiKTeX 2.9\tex\latex\hyperref\hpdftex.def"
File: hpdftex.def 2012/08/21 v6.83c Hyperref driver for pdfTeX
\Fld@listcount=\count97
\c@bookmark@seq@number=\count98

("C:\Program Files\MiKTeX 2.9\tex\latex\oberdiek\rerunfilecheck.sty"
Package: rerunfilecheck 2011/04/15 v1.7 Rerun checks for auxiliary files (HO)
Package uniquecounter Info: New unique counter `rerunfilecheck' on input line 2
82.
)
\Hy@SectionHShift=\skip43
)
("C:\Program Files\MiKTeX 2.9\tex\latex\geometry\geometry.sty"
Package: geometry 2010/09/12 v5.6 Page Geometry
\Gm@cnth=\count99
\Gm@cntv=\count100
\c@Gm@tempcnt=\count101
\Gm@bindingoffset=\dimen109
\Gm@wd@mp=\dimen110
\Gm@odd@mp=\dimen111
\Gm@even@mp=\dimen112
\Gm@layoutwidth=\dimen113
\Gm@layoutheight=\dimen114
\Gm@layouthoffset=\dimen115
\Gm@layoutvoffset=\dimen116
\Gm@dimlist=\toks17

("C:\Program Files\MiKTeX 2.9\tex\latex\geometry\geometry.cfg"))
("C:\Program Files\MiKTeX 2.9\tex\latex\graphics\color.sty"
Package: color 2005/11/14 v1.0j Standard LaTeX Color (DPC)

("C:\Program Files\MiKTeX 2.9\tex\latex\00miktex\color.cfg"
File: color.cfg 2007/01/18 v1.5 color configuration of teTeX/TeXLive
)
Package color Info: Driver file: pdftex.def on input line 130.

("C:\Program Files\MiKTeX 2.9\tex\latex\graphics\dvipsnam.def"
File: dvipsnam.def 1999/02/16 v3.0i Driver-dependant file (DPC,SPQR)
))
("C:\Users\ctm013\Colin\Documents\ELEC 400\ProPANE\Background\background.aux")
LaTeX Font Info:    Checking defaults for OML/cmm/m/it on input line 9.
LaTeX Font Info:    ... okay on input line 9.
LaTeX Font Info:    Checking defaults for T1/cmr/m/n on input line 9.
LaTeX Font Info:    ... okay on input line 9.
LaTeX Font Info:    Checking defaults for OT1/cmr/m/n on input line 9.
LaTeX Font Info:    ... okay on input line 9.
LaTeX Font Info:    Checking defaults for OMS/cmsy/m/n on input line 9.
LaTeX Font Info:    ... okay on input line 9.
LaTeX Font Info:    Checking defaults for OMX/cmex/m/n on input line 9.
LaTeX Font Info:    ... okay on input line 9.
LaTeX Font Info:    Checking defaults for U/cmr/m/n on input line 9.
LaTeX Font Info:    ... okay on input line 9.
LaTeX Font Info:    Checking defaults for PD1/pdf/m/n on input line 9.
LaTeX Font Info:    ... okay on input line 9.

("C:\Program Files\MiKTeX 2.9\tex\context\base\supp-pdf.mkii"
[Loading MPS to PDF converter (version 2006.09.02).]
\scratchcounter=\count102
\scratchdimen=\dimen117
\scratchbox=\box28
\nofMPsegments=\count103
\nofMParguments=\count104
\everyMPshowfont=\toks18
\MPscratchCnt=\count105
\MPscratchDim=\dimen118
\MPnumerator=\count106
\makeMPintoPDFobject=\count107
\everyMPtoPDFconversion=\toks19
)
\AtBeginShipoutBox=\box29
Package hyperref Info: Link coloring OFF on input line 9.
 ("C:\Program Files\MiKTeX 2.9\tex\latex\hyperref\nameref.sty"
Package: nameref 2012/07/31 v2.42 Cross-referencing by name of section

("C:\Program Files\MiKTeX 2.9\tex\generic\oberdiek\gettitlestring.sty"
Package: gettitlestring 2010/12/03 v1.4 Cleanup title references (HO)
)
\c@section@level=\count108
)
LaTeX Info: Redefining \ref on input line 9.
LaTeX Info: Redefining \pageref on input line 9.
LaTeX Info: Redefining \nameref on input line 9.

("C:\Users\ctm013\Colin\Documents\ELEC 400\ProPANE\Background\background.out")
("C:\Users\ctm013\Colin\Documents\ELEC 400\ProPANE\Background\background.out")
\@outlinefile=\write3

*geometry* driver: auto-detecting
*geometry* detected driver: pdftex
*geometry* verbose mode - [ preamble ] result:
* driver: pdftex
* paper: <default>
* layout: <same size as paper>
* layoutoffset:(h,v)=(0.0pt,0.0pt)
* modes: 
* h-part:(L,W,R)=(90.3375pt, 433.62001pt, 90.3375pt)
* v-part:(T,H,B)=(72.26999pt, 650.43001pt, 72.26999pt)
* \paperwidth=614.295pt
* \paperheight=794.96999pt
* \textwidth=433.62001pt
* \textheight=650.43001pt
* \oddsidemargin=18.0675pt
* \evensidemargin=18.0675pt
* \topmargin=-37.0pt
* \headheight=12.0pt
* \headsep=25.0pt
* \topskip=10.0pt
* \footskip=30.0pt
* \marginparwidth=65.0pt
* \marginparsep=11.0pt
* \columnsep=10.0pt
* \skip\footins=9.0pt plus 4.0pt minus 2.0pt
* \hoffset=0.0pt
* \voffset=0.0pt
* \mag=1000
* \@twocolumnfalse
* \@twosidefalse
* \@mparswitchfalse
* \@reversemarginfalse
* (1in=72.27pt=25.4mm, 1cm=28.453pt)

LaTeX Font Info:    External font `cmex10' loaded for size
(Font)              <12> on input line 18.
LaTeX Font Info:    External font `cmex10' loaded for size
(Font)              <8> on input line 18.
LaTeX Font Info:    External font `cmex10' loaded for size
(Font)              <6> on input line 18.
[1

{C:/ProgramData/MiKTeX/2.9/pdftex/config/pdftex.map}]
("C:\Users\ctm013\Colin\Documents\ELEC 400\ProPANE\Background\background.toc")
\tf@toc=\write4
pdfTeX warning (ext4): destination with the same identifier (name{page.1}) has 
been already used, duplicate ignored
<to be read again> 
                   \relax 
l.30 	\newpage
               [1]
Underfull \hbox (badness 10000) in paragraph at lines 32--37

 []


Underfull \hbox (badness 10000) in paragraph at lines 32--37

 []

<./images/cive-notes.png, id=32, 1528.71124pt x 1196.47pt>
File: ./images/cive-notes.png Graphic file (type png)

<use ./images/cive-notes.png>
Package pdftex.def Info: ./images/cive-notes.png used on input line 42.
(pdftex.def)             Requested size: 305.73683pt x 239.28976pt.

Underfull \hbox (badness 10000) in paragraph at lines 51--53

 []

[2]
Underfull \hbox (badness 10000) in paragraph at lines 54--55

 []


Underfull \hbox (badness 10000) in paragraph at lines 58--59

 []

<./images/research_image_processing_1.png, id=43, 153.57375pt x 167.87718pt>
File: ./images/research_image_processing_1.png Graphic file (type png)

<use ./images/research_image_processing_1.png>
Package pdftex.def Info: ./images/research_image_processing_1.png used on input
 line 62.
(pdftex.def)             Requested size: 115.18002pt x 125.90758pt.
 [3 <C:/Users/ctm013/Colin/Documents/ELEC 400/ProPANE/Background/images/cive-no
tes.png>]
Underfull \hbox (badness 10000) in paragraph at lines 67--68

 []

LaTeX Font Info:    External font `cmex10' loaded for size
(Font)              <7> on input line 69.
LaTeX Font Info:    External font `cmex10' loaded for size
(Font)              <5> on input line 69.

Underfull \hbox (badness 10000) in paragraph at lines 69--70

 []

<./images/research_image_processing_2.png, id=51, 304.13625pt x 171.64125pt>
File: ./images/research_image_processing_2.png Graphic file (type png)

<use ./images/research_image_processing_2.png>
Package pdftex.def Info: ./images/research_image_processing_2.png used on input
 line 75.
(pdftex.def)             Requested size: 228.10162pt x 128.7306pt.

Underfull \hbox (badness 10000) in paragraph at lines 82--83

 []

[4 <C:/Users/ctm013/Colin/Documents/ELEC 400/ProPANE/Background/images/research
_image_processing_1.png> <C:/Users/ctm013/Colin/Documents/ELEC 400/ProPANE/Back
ground/images/research_image_processing_2.png>]
Underfull \hbox (badness 10000) in paragraph at lines 84--85

 []


Underfull \hbox (badness 10000) in paragraph at lines 86--87

 []


Underfull \hbox (badness 10000) in paragraph at lines 88--89

 []


Underfull \hbox (badness 10000) in paragraph at lines 90--91

 []


Underfull \hbox (badness 10000) in paragraph at lines 92--93

 []


Underfull \hbox (badness 10000) in paragraph at lines 94--95

 []


Underfull \hbox (badness 10000) in paragraph at lines 96--97

 []


Underfull \hbox (badness 10000) in paragraph at lines 98--99

 []


Underfull \hbox (badness 10000) in paragraph at lines 100--101

 []


Underfull \hbox (badness 10000) in paragraph at lines 102--103

 []


Underfull \hbox (badness 10000) in paragraph at lines 104--105

 []


Underfull \hbox (badness 10000) in paragraph at lines 106--107

 []


Underfull \hbox (badness 10000) in paragraph at lines 109--110

 []


Underfull \hbox (badness 10000) in paragraph at lines 116--118

 []

[5]
LaTeX Font Info:    Try loading font information for OMS+cmr on input line 119.

 ("C:\Program Files\MiKTeX 2.9\tex\latex\base\omscmr.fd"
File: omscmr.fd 1999/05/25 v2.5h Standard LaTeX font definitions
)
LaTeX Font Info:    Font shape `OMS/cmr/m/n' in size <10> not available
(Font)              Font shape `OMS/cmsy/m/n' tried instead on input line 119.
 [6] [7]
Underfull \hbox (badness 10000) in paragraph at lines 215--216

 []


Underfull \hbox (badness 10000) in paragraph at lines 217--218

 []


Underfull \hbox (badness 10000) in paragraph at lines 220--221

 []


Underfull \hbox (badness 10000) in paragraph at lines 223--224

 []


Underfull \hbox (badness 10000) in paragraph at lines 226--227

 []

[8]
Underfull \hbox (badness 10000) in paragraph at lines 229--230

 []

<./images/wbcp-example-ad.png, id=116, 312.16624pt x 739.76375pt>
File: ./images/wbcp-example-ad.png Graphic file (type png)

<use ./images/wbcp-example-ad.png>
Package pdftex.def Info: ./images/wbcp-example-ad.png used on input line 234.
(pdftex.def)             Requested size: 93.65059pt x 221.93083pt.

Underfull \hbox (badness 10000) in paragraph at lines 242--245

 []

[9 <C:/Users/ctm013/Colin/Documents/ELEC 400/ProPANE/Background/images/wbcp-exa
mple-ad.png>]
Underfull \hbox (badness 10000) in paragraph at lines 256--259

 []

<images/research_mswhiteboard_1.png, id=132, 337.26pt x 158.09062pt>
File: images/research_mswhiteboard_1.png Graphic file (type png)

<use images/research_mswhiteboard_1.png>
Package pdftex.def Info: images/research_mswhiteboard_1.png used on input line 
267.
(pdftex.def)             Requested size: 269.80836pt x 126.47266pt.
 [10]
Underfull \hbox (badness 10000) in paragraph at lines 273--274

 []

<images/research_mswhiteboard_3.png, id=142, 294.34969pt x 137.7647pt>
File: images/research_mswhiteboard_3.png Graphic file (type png)

<use images/research_mswhiteboard_3.png>
Package pdftex.def Info: images/research_mswhiteboard_3.png used on input line 
297.
(pdftex.def)             Requested size: 294.34895pt x 137.76434pt.
 [11 <C:/Users/ctm013/Colin/Documents/ELEC 400/ProPANE/Background/images/resear
ch_mswhiteboard_1.png>]
<images/research_mswhiteboard_2.png, id=157, 273.27094pt x 178.41656pt>
File: images/research_mswhiteboard_2.png Graphic file (type png)

<use images/research_mswhiteboard_2.png>
Package pdftex.def Info: images/research_mswhiteboard_2.png used on input line 
305.
(pdftex.def)             Requested size: 273.27025pt x 178.4161pt.
 [12 <C:/Users/ctm013/Colin/Documents/ELEC 400/ProPANE/Background/images/resear
ch_mswhiteboard_3.png> <C:/Users/ctm013/Colin/Documents/ELEC 400/ProPANE/Backgr
ound/images/research_mswhiteboard_2.png>]
Underfull \hbox (badness 10000) in paragraph at lines 314--317

 []


Underfull \hbox (badness 10000) in paragraph at lines 322--325

 []


Underfull \hbox (badness 10000) in paragraph at lines 322--325

 []


Underfull \hbox (badness 10000) in paragraph at lines 327--331

 []


Underfull \hbox (badness 10000) in paragraph at lines 327--331

 []

[13]
Underfull \hbox (badness 10000) in paragraph at lines 333--336

 []


Underfull \hbox (badness 10000) in paragraph at lines 333--336

 []

[14] <images/research_reboard_1.png, id=191, 734.745pt x 411.03563pt>
File: images/research_reboard_1.png Graphic file (type png)

<use images/research_reboard_1.png>
Package pdftex.def Info: images/research_reboard_1.png used on input line 357.
(pdftex.def)             Requested size: 293.89279pt x 164.41133pt.

<images/research_reboard_2.png, id=192, 414.79968pt x 258.21469pt>
File: images/research_reboard_2.png Graphic file (type png)

<use images/research_reboard_2.png>
Package pdftex.def Info: images/research_reboard_2.png used on input line 364.
(pdftex.def)             Requested size: 290.3578pt x 180.74904pt.

<images/research_reboard_3.png, id=193, 406.51875pt x 140.02313pt>
File: images/research_reboard_3.png Graphic file (type png)

<use images/research_reboard_3.png>
Package pdftex.def Info: images/research_reboard_3.png used on input line 371.
(pdftex.def)             Requested size: 284.56117pt x 98.01552pt.
 [15 <C:/Users/ctm013/Colin/Documents/ELEC 400/ProPANE/Background/images/resear
ch_reboard_1.png> <C:/Users/ctm013/Colin/Documents/ELEC 400/ProPANE/Background/
images/research_reboard_2.png>]
<images/research_reboard_4.png, id=201, 219.82124pt x 164.86594pt>
File: images/research_reboard_4.png Graphic file (type png)

<use images/research_reboard_4.png>
Package pdftex.def Info: images/research_reboard_4.png used on input line 381.
(pdftex.def)             Requested size: 219.8207pt x 164.86551pt.

Underfull \hbox (badness 10000) in paragraph at lines 387--389

 []

[16 <C:/Users/ctm013/Colin/Documents/ELEC 400/ProPANE/Background/images/researc
h_reboard_3.png> <C:/Users/ctm013/Colin/Documents/ELEC 400/ProPANE/Background/i
mages/research_reboard_4.png>]
("C:\Users\ctm013\Colin\Documents\ELEC 400\ProPANE\Background\background.bbl"
Underfull \hbox (badness 10000) in paragraph at lines 4--7
[]\OT1/cmr/m/n/10 IEEE Sig-nal Pro-cess-ing So-ci-ety, ``Scope and Mis-sion.'' 
[]$\OT1/cmtt/m/n/10 http : / / www .$
 []


Underfull \hbox (badness 10000) in paragraph at lines 23--25
[]\OT1/cmr/m/n/10 Andrew Kir-illov, ``AForge.NET Frame-work.'' []$\OT1/cmtt/m/n
/10 http : / / www . aforgenet . com / aforge /$
 []


Underfull \hbox (badness 1014) in paragraph at lines 49--52
[]\OT1/cmr/m/n/10 Collaboration for Non-de-struc-tive Test-ing, ``Im-age Pro-ce
ss-ing Tech-niques.'' []$\OT1/cmtt/m/n/10 http : / / www .$
 []


Underfull \hbox (badness 10000) in paragraph at lines 49--52
$\OT1/cmtt/m/n/10 ndt-[]ed . org / EducationResources / CommunityCollege / Radi
ography / AdvancedTechniques /$
 []


Underfull \hbox (badness 5302) in paragraph at lines 54--57
[]\OT1/cmr/m/n/10 Stephen F. Austin State Uni-ver-sity, ``Note Taker Q&A.'' []$
\OT1/cmtt/m/n/10 http : / / www . sfasu . edu /$
 []

[17]
Underfull \hbox (badness 1331) in paragraph at lines 89--92
[]\OT1/cmr/m/n/10 Nikon Inc., ``Nikon COOLPIX S800c Dig-i-tal Cam-era.'' []$\OT
1/cmtt/m/n/10 http : / / www . nikonusa . com / en /$
 []


Underfull \hbox (badness 10000) in paragraph at lines 99--102
[]\OT1/cmr/m/n/10 United Press In-ter-na-tional, Inc., ``Po-laroid joins dig-i-
tal cam-era arena.'' []$\OT1/cmtt/m/n/10 http :$
 []


Underfull \hbox (badness 10000) in paragraph at lines 99--102
$\OT1/cmtt/m/n/10 / / www . upi . com / Science _ News / 2012 / 01 / 16 / Polar
oid-[]joins-[]digital-[]camera-[]arena /$
 []

)
Package atveryend Info: Empty hook `BeforeClearDocument' on input line 409.
 [18]
Package atveryend Info: Empty hook `AfterLastShipout' on input line 409.

("C:\Users\ctm013\Colin\Documents\ELEC 400\ProPANE\Background\background.aux")
Package atveryend Info: Executing hook `AtVeryEndDocument' on input line 409.
Package atveryend Info: Executing hook `AtEndAfterFileList' on input line 409.
Package rerunfilecheck Info: File `background.out' has not changed.
(rerunfilecheck)             Checksum: 955FA485CF04D55293744A536CA1C53F;155.
Package atveryend Info: Empty hook `AtVeryVeryEnd' on input line 409.
 ) 
Here is how much of TeX's memory you used:
 5908 strings out of 493921
 88606 string characters out of 3147279
 177900 words of memory out of 3000000
 9062 multiletter control sequences out of 15000+200000
 9069 words of font info for 32 fonts, out of 3000000 for 9000
 841 hyphenation exceptions out of 8191
 29i,8n,28p,1825b,446s stack positions out of 5000i,500n,10000p,200000b,50000s
<C:/Program Files/MiKTeX 2.9/fonts/type1/public/amsfonts/cm/cmbx10.pfb><C:/Pr
ogram Files/MiKTeX 2.9/fonts/type1/public/amsfonts/cm/cmbx12.pfb><C:/Program Fi
les/MiKTeX 2.9/fonts/type1/public/amsfonts/cm/cmex10.pfb><C:/Program Files/MiKT
eX 2.9/fonts/type1/public/amsfonts/cm/cmmi10.pfb><C:/Program Files/MiKTeX 2.9/f
onts/type1/public/amsfonts/cm/cmmi7.pfb><C:/Program Files/MiKTeX 2.9/fonts/type
1/public/amsfonts/cm/cmr10.pfb><C:/Program Files/MiKTeX 2.9/fonts/type1/public/
amsfonts/cm/cmr12.pfb><C:/Program Files/MiKTeX 2.9/fonts/type1/public/amsfonts/
cm/cmr7.pfb><C:/Program Files/MiKTeX 2.9/fonts/type1/public/amsfonts/cm/cmsl10.
pfb><C:/Program Files/MiKTeX 2.9/fonts/type1/public/amsfonts/cm/cmsy10.pfb><C:/
Program Files/MiKTeX 2.9/fonts/type1/public/amsfonts/cm/cmsy7.pfb><C:/Program F
iles/MiKTeX 2.9/fonts/type1/public/amsfonts/cm/cmti10.pfb><C:/Program Files/MiK
TeX 2.9/fonts/type1/public/amsfonts/cm/cmtt10.pfb>
Output written on background.pdf (19 pages, 3735880 bytes).
PDF statistics:
 327 PDF objects out of 1000 (max. 8388607)
 90 named destinations out of 1000 (max. 500000)
 80 words of extra memory for PDF output out of 10000 (max. 10000000)

