\BOOKMARK [1][-]{section.1}{Group Meeting for PSM 1 10/01/2012}{}% 1
\BOOKMARK [2][-]{subsection.1.1}{Resolution Issue}{section.1}% 2
\BOOKMARK [2][-]{subsection.1.2}{Interface Issue}{section.1}% 3
\BOOKMARK [3][-]{subsubsection.1.2.1}{ProPANE GUI}{subsection.1.2}% 4
\BOOKMARK [3][-]{subsubsection.1.2.2}{Path Names}{subsection.1.2}% 5
\BOOKMARK [3][-]{subsubsection.1.2.3}{Separate Directory}{subsection.1.2}% 6
\BOOKMARK [1][-]{section.2}{Review of Panel 1 Notes 09/28/2012}{}% 7
\BOOKMARK [2][-]{subsection.2.1}{Tech Specs}{section.2}% 8
\BOOKMARK [2][-]{subsection.2.2}{Future Trade Analysis}{section.2}% 9
\BOOKMARK [1][-]{section.3}{Finializing Tech Spces for First Panel 09/25/2012}{}% 10
\BOOKMARK [2][-]{subsection.3.1}{Meeting with Thompson}{section.3}% 11
\BOOKMARK [2][-]{subsection.3.2}{Generating Sequence for Use}{section.3}% 12
\BOOKMARK [2][-]{subsection.3.3}{Pruning Tech Specs}{section.3}% 13
\BOOKMARK [3][-]{subsubsection.3.3.1}{Capture Environment Removals}{subsection.3.3}% 14
\BOOKMARK [3][-]{subsubsection.3.3.2}{Distractions Removals}{subsection.3.3}% 15
\BOOKMARK [2][-]{subsection.3.4}{Further Refinement}{section.3}% 16
\BOOKMARK [1][-]{section.4}{Preparing Tech Specs for potential meeting on 9/24 09/21/2012}{}% 17
\BOOKMARK [2][-]{subsection.4.1}{Additional Research}{section.4}% 18
\BOOKMARK [2][-]{subsection.4.2}{Tech Spec Feedback Questions}{section.4}% 19
\BOOKMARK [2][-]{subsection.4.3}{Collectiong Testing Numbers}{section.4}% 20
\BOOKMARK [1][-]{section.5}{Individual Work on Technical Specifications Document 09/20/2012}{}% 21
\BOOKMARK [2][-]{subsection.5.1}{Add to To-Do List}{section.5}% 22
\BOOKMARK [2][-]{subsection.5.2}{Notes}{section.5}% 23
\BOOKMARK [1][-]{section.6}{Individual Work on Technical Specification Document 09/12/2012}{}% 24
\BOOKMARK [2][-]{subsection.6.1}{Overview and Scope}{section.6}% 25
\BOOKMARK [2][-]{subsection.6.2}{List of Deliverables}{section.6}% 26
\BOOKMARK [2][-]{subsection.6.3}{Requirements List}{section.6}% 27
\BOOKMARK [1][-]{section.7}{Pair Work on Technical Specification Document 09/11/2012}{}% 28
\BOOKMARK [2][-]{subsection.7.1}{Questions}{section.7}% 29
\BOOKMARK [2][-]{subsection.7.2}{Creating Specs}{section.7}% 30
\BOOKMARK [1][-]{section.8}{Individual Work on Background Document 09/04/2012}{}% 31
\BOOKMARK [2][-]{subsection.8.1}{Problem Statement}{section.8}% 32
\BOOKMARK [2][-]{subsection.8.2}{Background Information}{section.8}% 33
\BOOKMARK [2][-]{subsection.8.3}{Research}{section.8}% 34
\BOOKMARK [1][-]{section.9}{Initial Group Meeting 08/30/2012}{}% 35
\BOOKMARK [2][-]{subsection.9.1}{General Design Specs}{section.9}% 36
\BOOKMARK [2][-]{subsection.9.2}{Team Name}{section.9}% 37
\BOOKMARK [2][-]{subsection.9.3}{Team Logo}{section.9}% 38
\BOOKMARK [2][-]{subsection.9.4}{Document Template}{section.9}% 39
