\BOOKMARK [1][-]{section.1}{Multi-Board Feasibility \(4/11/2013\)}{}% 1
\BOOKMARK [1][-]{section.2}{Keystone Correction \(4/3/2013\)}{}% 2
\BOOKMARK [1][-]{section.3}{More key image correction \(3/28/2013\)}{}% 3
\BOOKMARK [1][-]{section.4}{Key Image clean-up \(3/21/2013\)}{}% 4
\BOOKMARK [1][-]{section.5}{Whiteboard Normalization \(3/7/2013\)}{}% 5
\BOOKMARK [1][-]{section.6}{Standard Deviation Filtering \(2/28/2013\)}{}% 6
\BOOKMARK [1][-]{section.7}{Outline of recent events \(2/26/2013\)}{}% 7
\BOOKMARK [1][-]{section.8}{First Full Lecture Capture \(2/6/2013\)}{}% 8
\BOOKMARK [1][-]{section.9}{Spacial Cell Filtering \(1/31/2013\)}{}% 9
\BOOKMARK [1][-]{section.10}{Object-Orienting the Code \(1/24/2013\)}{}% 10
\BOOKMARK [1][-]{section.11}{Camera Selection Decision Matrix \(\)1/21/2013}{}% 11
\BOOKMARK [1][-]{section.12}{Even More Cell Classification Over Time \(11/30/2012\)}{}% 12
\BOOKMARK [1][-]{section.13}{More Cell Classification Over Time \(11/27/2012\)}{}% 13
\BOOKMARK [1][-]{section.14}{Cell Classification Over Time \(11/19/2012\)}{}% 14
\BOOKMARK [1][-]{section.15}{Cell Classification \(11/14/2012\)}{}% 15
\BOOKMARK [1][-]{section.16}{Dividing Images, Whiteboard Color Normalization \(11/1/2012\)}{}% 16
\BOOKMARK [1][-]{section.17}{Post Panel 2, Dividing Images into Cells \(10/29/2012\)}{}% 17
\BOOKMARK [1][-]{section.18}{Gantt Chart, Preparation for Faculty Panel 2 \(10/24/2012\)}{}% 18
\BOOKMARK [1][-]{section.19}{Microsoft, Gantt Chart, Learning Python \(10/20/2012\)}{}% 19
\BOOKMARK [1][-]{section.20}{Risk Meeting, Tasks Going Forward \(10/18/2012\)}{}% 20
\BOOKMARK [1][-]{section.21}{Risk Analysis \(10/16/2012\)}{}% 21
\BOOKMARK [1][-]{section.22}{Final Version of Background Document \(10/12/2012\)}{}% 22
\BOOKMARK [1][-]{section.23}{Work on Background Document, Use of git for Version Control \(10/9/2012\)}{}% 23
\BOOKMARK [1][-]{section.24}{Third Client Meeting \(10/5/2012\)}{}% 24
\BOOKMARK [1][-]{section.25}{Panel Feedback, Continued Research \(9/30/2012\)}{}% 25
\BOOKMARK [1][-]{section.26}{First Panel, Continued Research \(9/27/2012\)}{}% 26
\BOOKMARK [1][-]{section.27}{Additional Information on Microsoft Whiteboard Capture System \(9/21/2012\)}{}% 27
\BOOKMARK [1][-]{section.28}{Review of Second Client Meeting, Background Research \(9/17/2012\)}{}% 28
\BOOKMARK [1][-]{section.29}{Tech Specs, Second Meeting, Website Design \(9/11/2012\)}{}% 29
\BOOKMARK [1][-]{section.30}{Logo Design, Research on Background and Competition \(09/05/2012\)}{}% 30
\BOOKMARK [1][-]{section.31}{First Group Meeting and General Group Information \(08/31/2012\)}{}% 31
