This is pdfTeX, Version 3.1415926-2.4-1.40.13 (MiKTeX 2.9) (preloaded format=pdflatex 2012.9.23)  22 MAR 2013 15:05
entering extended mode
**Madigan_WorkLog.tex

(C:\Users\ctm013\Colin\Documents\ELEC400\ProPANE\Madigan_Work_Log\Madigan_WorkL
og.tex
LaTeX2e <2011/06/27>
Babel <v3.8m> and hyphenation patterns for english, afrikaans, ancientgreek, ar
abic, armenian, assamese, basque, bengali, bokmal, bulgarian, catalan, coptic, 
croatian, czech, danish, dutch, esperanto, estonian, farsi, finnish, french, ga
lician, german, german-x-2012-05-30, greek, gujarati, hindi, hungarian, iceland
ic, indonesian, interlingua, irish, italian, kannada, kurmanji, latin, latvian,
 lithuanian, malayalam, marathi, mongolian, mongolianlmc, monogreek, ngerman, n
german-x-2012-05-30, nynorsk, oriya, panjabi, pinyin, polish, portuguese, roman
ian, russian, sanskrit, serbian, slovak, slovenian, spanish, swedish, swissgerm
an, tamil, telugu, turkish, turkmen, ukenglish, ukrainian, uppersorbian, usengl
ishmax, welsh, loaded.
("C:\Program Files\MiKTeX 2.9\tex\latex\base\article.cls"
Document Class: article 2007/10/19 v1.4h Standard LaTeX document class
("C:\Program Files\MiKTeX 2.9\tex\latex\base\size10.clo"
File: size10.clo 2007/10/19 v1.4h Standard LaTeX file (size option)
)
\c@part=\count79
\c@section=\count80
\c@subsection=\count81
\c@subsubsection=\count82
\c@paragraph=\count83
\c@subparagraph=\count84
\c@figure=\count85
\c@table=\count86
\abovecaptionskip=\skip41
\belowcaptionskip=\skip42
\bibindent=\dimen102
)
("C:\Program Files\MiKTeX 2.9\tex\latex\graphics\graphicx.sty"
Package: graphicx 1999/02/16 v1.0f Enhanced LaTeX Graphics (DPC,SPQR)

("C:\Program Files\MiKTeX 2.9\tex\latex\graphics\keyval.sty"
Package: keyval 1999/03/16 v1.13 key=value parser (DPC)
\KV@toks@=\toks14
)
("C:\Program Files\MiKTeX 2.9\tex\latex\graphics\graphics.sty"
Package: graphics 2009/02/05 v1.0o Standard LaTeX Graphics (DPC,SPQR)

("C:\Program Files\MiKTeX 2.9\tex\latex\graphics\trig.sty"
Package: trig 1999/03/16 v1.09 sin cos tan (DPC)
)
("C:\Program Files\MiKTeX 2.9\tex\latex\00miktex\graphics.cfg"
File: graphics.cfg 2007/01/18 v1.5 graphics configuration of teTeX/TeXLive
)
Package graphics Info: Driver file: pdftex.def on input line 91.

("C:\Program Files\MiKTeX 2.9\tex\latex\pdftex-def\pdftex.def"
File: pdftex.def 2011/05/27 v0.06d Graphics/color for pdfTeX

("C:\Program Files\MiKTeX 2.9\tex\generic\oberdiek\infwarerr.sty"
Package: infwarerr 2010/04/08 v1.3 Providing info/warning/error messages (HO)
)
("C:\Program Files\MiKTeX 2.9\tex\generic\oberdiek\ltxcmds.sty"
Package: ltxcmds 2011/11/09 v1.22 LaTeX kernel commands for general use (HO)
)
\Gread@gobject=\count87
))
\Gin@req@height=\dimen103
\Gin@req@width=\dimen104
)
("C:\Program Files\MiKTeX 2.9\tex\latex\geometry\geometry.sty"
Package: geometry 2010/09/12 v5.6 Page Geometry

("C:\Program Files\MiKTeX 2.9\tex\generic\oberdiek\ifpdf.sty"
Package: ifpdf 2011/01/30 v2.3 Provides the ifpdf switch (HO)
Package ifpdf Info: pdfTeX in PDF mode is detected.
)
("C:\Program Files\MiKTeX 2.9\tex\generic\oberdiek\ifvtex.sty"
Package: ifvtex 2010/03/01 v1.5 Detect VTeX and its facilities (HO)
Package ifvtex Info: VTeX not detected.
)
("C:\Program Files\MiKTeX 2.9\tex\generic\ifxetex\ifxetex.sty"
Package: ifxetex 2010/09/12 v0.6 Provides ifxetex conditional
)
\Gm@cnth=\count88
\Gm@cntv=\count89
\c@Gm@tempcnt=\count90
\Gm@bindingoffset=\dimen105
\Gm@wd@mp=\dimen106
\Gm@odd@mp=\dimen107
\Gm@even@mp=\dimen108
\Gm@layoutwidth=\dimen109
\Gm@layoutheight=\dimen110
\Gm@layouthoffset=\dimen111
\Gm@layoutvoffset=\dimen112
\Gm@dimlist=\toks15

("C:\Program Files\MiKTeX 2.9\tex\latex\geometry\geometry.cfg"))
("C:\Program Files\MiKTeX 2.9\tex\latex\hyperref\hyperref.sty"
Package: hyperref 2012/08/21 v6.83c Hypertext links for LaTeX

("C:\Program Files\MiKTeX 2.9\tex\generic\oberdiek\hobsub-hyperref.sty"
Package: hobsub-hyperref 2012/04/25 v1.12 Bundle oberdiek, subset hyperref (HO)


("C:\Program Files\MiKTeX 2.9\tex\generic\oberdiek\hobsub-generic.sty"
Package: hobsub-generic 2012/04/25 v1.12 Bundle oberdiek, subset generic (HO)
Package: hobsub 2012/04/25 v1.12 Construct package bundles (HO)
Package hobsub Info: Skipping package `infwarerr' (already loaded).
Package hobsub Info: Skipping package `ltxcmds' (already loaded).
Package: ifluatex 2010/03/01 v1.3 Provides the ifluatex switch (HO)
Package ifluatex Info: LuaTeX not detected.
Package hobsub Info: Skipping package `ifvtex' (already loaded).
Package: intcalc 2007/09/27 v1.1 Expandable calculations with integers (HO)
Package hobsub Info: Skipping package `ifpdf' (already loaded).
Package: etexcmds 2011/02/16 v1.5 Avoid name clashes with e-TeX commands (HO)
Package etexcmds Info: Could not find \expanded.
(etexcmds)             That can mean that you are not using pdfTeX 1.50 or
(etexcmds)             that some package has redefined \expanded.
(etexcmds)             In the latter case, load this package earlier.
Package: kvsetkeys 2012/04/25 v1.16 Key value parser (HO)
Package: kvdefinekeys 2011/04/07 v1.3 Define keys (HO)
Package: pdftexcmds 2011/11/29 v0.20 Utility functions of pdfTeX for LuaTeX (HO
)
Package pdftexcmds Info: LuaTeX not detected.
Package pdftexcmds Info: \pdf@primitive is available.
Package pdftexcmds Info: \pdf@ifprimitive is available.
Package pdftexcmds Info: \pdfdraftmode found.
Package: pdfescape 2011/11/25 v1.13 Implements pdfTeX's escape features (HO)
Package: bigintcalc 2012/04/08 v1.3 Expandable calculations on big integers (HO
)
Package: bitset 2011/01/30 v1.1 Handle bit-vector datatype (HO)
Package: uniquecounter 2011/01/30 v1.2 Provide unlimited unique counter (HO)
)
Package hobsub Info: Skipping package `hobsub' (already loaded).
Package: letltxmacro 2010/09/02 v1.4 Let assignment for LaTeX macros (HO)
Package: hopatch 2011/06/24 v1.1 Wrapper for package hooks (HO)
Package: xcolor-patch 2011/01/30 xcolor patch
Package: atveryend 2011/06/30 v1.8 Hooks at the very end of document (HO)
Package atveryend Info: \enddocument detected (standard20110627).
Package: atbegshi 2011/10/05 v1.16 At begin shipout hook (HO)
Package: refcount 2011/10/16 v3.4 Data extraction from label references (HO)
Package: hycolor 2011/01/30 v1.7 Color options for hyperref/bookmark (HO)
)
("C:\Program Files\MiKTeX 2.9\tex\latex\oberdiek\auxhook.sty"
Package: auxhook 2011/03/04 v1.3 Hooks for auxiliary files (HO)
)
("C:\Program Files\MiKTeX 2.9\tex\latex\oberdiek\kvoptions.sty"
Package: kvoptions 2011/06/30 v3.11 Key value format for package options (HO)
)
\@linkdim=\dimen113
\Hy@linkcounter=\count91
\Hy@pagecounter=\count92

("C:\Program Files\MiKTeX 2.9\tex\latex\hyperref\pd1enc.def"
File: pd1enc.def 2012/08/21 v6.83c Hyperref: PDFDocEncoding definition (HO)
)
\Hy@SavedSpaceFactor=\count93

("C:\Program Files\MiKTeX 2.9\tex\latex\00miktex\hyperref.cfg"
File: hyperref.cfg 2002/06/06 v1.2 hyperref configuration of TeXLive
)
Package hyperref Info: Hyper figures OFF on input line 4263.
Package hyperref Info: Link nesting OFF on input line 4268.
Package hyperref Info: Hyper index ON on input line 4271.
Package hyperref Info: Plain pages OFF on input line 4278.
Package hyperref Info: Backreferencing OFF on input line 4283.
Package hyperref Info: Implicit mode ON; LaTeX internals redefined.
Package hyperref Info: Bookmarks ON on input line 4501.
\c@Hy@tempcnt=\count94

("C:\Program Files\MiKTeX 2.9\tex\latex\ltxmisc\url.sty"
\Urlmuskip=\muskip10
Package: url 2006/04/12  ver 3.3  Verb mode for urls, etc.
)
LaTeX Info: Redefining \url on input line 4854.
\XeTeXLinkMargin=\dimen114
\Fld@menulength=\count95
\Field@Width=\dimen115
\Fld@charsize=\dimen116
Package hyperref Info: Hyper figures OFF on input line 6094.
Package hyperref Info: Link nesting OFF on input line 6099.
Package hyperref Info: Hyper index ON on input line 6102.
Package hyperref Info: backreferencing OFF on input line 6109.
Package hyperref Info: Link coloring OFF on input line 6114.
Package hyperref Info: Link coloring with OCG OFF on input line 6119.
Package hyperref Info: PDF/A mode OFF on input line 6124.
LaTeX Info: Redefining \ref on input line 6164.
LaTeX Info: Redefining \pageref on input line 6168.
\Hy@abspage=\count96
\c@Item=\count97
\c@Hfootnote=\count98
)

Package hyperref Message: Driver (autodetected): hpdftex.

("C:\Program Files\MiKTeX 2.9\tex\latex\hyperref\hpdftex.def"
File: hpdftex.def 2012/08/21 v6.83c Hyperref driver for pdfTeX
\Fld@listcount=\count99
\c@bookmark@seq@number=\count100

("C:\Program Files\MiKTeX 2.9\tex\latex\oberdiek\rerunfilecheck.sty"
Package: rerunfilecheck 2011/04/15 v1.7 Rerun checks for auxiliary files (HO)
Package uniquecounter Info: New unique counter `rerunfilecheck' on input line 2
82.
)
\Hy@SectionHShift=\skip43
)
("C:\Program Files\MiKTeX 2.9\tex\latex\float\float.sty"
Package: float 2001/11/08 v1.3d Float enhancements (AL)
\c@float@type=\count101
\float@exts=\toks16
\float@box=\box26
\@float@everytoks=\toks17
\@floatcapt=\box27
)
Package hyperref Info: Option `colorlinks' set `true' on input line 6.

(C:\Users\ctm013\Colin\Documents\ELEC400\ProPANE\Madigan_Work_Log\Madigan_WorkL
og.aux)
LaTeX Font Info:    Checking defaults for OML/cmm/m/it on input line 8.
LaTeX Font Info:    ... okay on input line 8.
LaTeX Font Info:    Checking defaults for T1/cmr/m/n on input line 8.
LaTeX Font Info:    ... okay on input line 8.
LaTeX Font Info:    Checking defaults for OT1/cmr/m/n on input line 8.
LaTeX Font Info:    ... okay on input line 8.
LaTeX Font Info:    Checking defaults for OMS/cmsy/m/n on input line 8.
LaTeX Font Info:    ... okay on input line 8.
LaTeX Font Info:    Checking defaults for OMX/cmex/m/n on input line 8.
LaTeX Font Info:    ... okay on input line 8.
LaTeX Font Info:    Checking defaults for U/cmr/m/n on input line 8.
LaTeX Font Info:    ... okay on input line 8.
LaTeX Font Info:    Checking defaults for PD1/pdf/m/n on input line 8.
LaTeX Font Info:    ... okay on input line 8.
 ("C:\Program Files\MiKTeX 2.9\tex\context\base\supp-pdf.mkii"
[Loading MPS to PDF converter (version 2006.09.02).]
\scratchcounter=\count102
\scratchdimen=\dimen117
\scratchbox=\box28
\nofMPsegments=\count103
\nofMParguments=\count104
\everyMPshowfont=\toks18
\MPscratchCnt=\count105
\MPscratchDim=\dimen118
\MPnumerator=\count106
\makeMPintoPDFobject=\count107
\everyMPtoPDFconversion=\toks19
)
*geometry* driver: auto-detecting
*geometry* detected driver: pdftex
*geometry* verbose mode - [ preamble ] result:
* driver: pdftex
* paper: <default>
* layout: <same size as paper>
* layoutoffset:(h,v)=(0.0pt,0.0pt)
* modes: 
* h-part:(L,W,R)=(90.3375pt, 433.62001pt, 90.3375pt)
* v-part:(T,H,B)=(72.26999pt, 650.43001pt, 72.26999pt)
* \paperwidth=614.295pt
* \paperheight=794.96999pt
* \textwidth=433.62001pt
* \textheight=650.43001pt
* \oddsidemargin=18.0675pt
* \evensidemargin=18.0675pt
* \topmargin=-37.0pt
* \headheight=12.0pt
* \headsep=25.0pt
* \topskip=10.0pt
* \footskip=30.0pt
* \marginparwidth=65.0pt
* \marginparsep=11.0pt
* \columnsep=10.0pt
* \skip\footins=9.0pt plus 4.0pt minus 2.0pt
* \hoffset=0.0pt
* \voffset=0.0pt
* \mag=1000
* \@twocolumnfalse
* \@twosidefalse
* \@mparswitchfalse
* \@reversemarginfalse
* (1in=72.27pt=25.4mm, 1cm=28.453pt)

\AtBeginShipoutBox=\box29
("C:\Program Files\MiKTeX 2.9\tex\latex\graphics\color.sty"
Package: color 2005/11/14 v1.0j Standard LaTeX Color (DPC)

("C:\Program Files\MiKTeX 2.9\tex\latex\00miktex\color.cfg"
File: color.cfg 2007/01/18 v1.5 color configuration of teTeX/TeXLive
)
Package color Info: Driver file: pdftex.def on input line 130.
)
Package hyperref Info: Link coloring ON on input line 8.

("C:\Program Files\MiKTeX 2.9\tex\latex\hyperref\nameref.sty"
Package: nameref 2012/07/31 v2.42 Cross-referencing by name of section

("C:\Program Files\MiKTeX 2.9\tex\generic\oberdiek\gettitlestring.sty"
Package: gettitlestring 2010/12/03 v1.4 Cleanup title references (HO)
)
\c@section@level=\count108
)
LaTeX Info: Redefining \ref on input line 8.
LaTeX Info: Redefining \pageref on input line 8.
LaTeX Info: Redefining \nameref on input line 8.

(C:\Users\ctm013\Colin\Documents\ELEC400\ProPANE\Madigan_Work_Log\Madigan_WorkL
og.out)
(C:\Users\ctm013\Colin\Documents\ELEC400\ProPANE\Madigan_Work_Log\Madigan_WorkL
og.out)
\@outlinefile=\write3
LaTeX Font Info:    External font `cmex10' loaded for size
(Font)              <12> on input line 12.
LaTeX Font Info:    External font `cmex10' loaded for size
(Font)              <8> on input line 12.
LaTeX Font Info:    External font `cmex10' loaded for size
(Font)              <6> on input line 12.


LaTeX Warning: No \author given.


(C:\Users\ctm013\Colin\Documents\ELEC400\ProPANE\Madigan_Work_Log\Madigan_WorkL
og.toc [1

{C:/ProgramData/MiKTeX/2.9/pdftex/config/pdftex.map}])
\tf@toc=\write4
 [2]
Underfull \hbox (badness 10000) in paragraph at lines 43--44

 []

[3] <images/colorbalance_1.jpg, id=162, 1927.2pt x 1084.05pt>
File: images/colorbalance_1.jpg Graphic file (type jpg)

<use images/colorbalance_1.jpg>
Package pdftex.def Info: images/colorbalance_1.jpg used on input line 52.
(pdftex.def)             Requested size: 192.7313pt x 108.41135pt.

<images/colorbalance_2.jpg, id=163, 1927.2pt x 1084.05pt>
File: images/colorbalance_2.jpg Graphic file (type jpg)

<use images/colorbalance_2.jpg>
Package pdftex.def Info: images/colorbalance_2.jpg used on input line 58.
(pdftex.def)             Requested size: 192.7313pt x 108.41135pt.

<images/colorbalance_3.jpg, id=164, 1927.2pt x 1084.05pt>
File: images/colorbalance_3.jpg Graphic file (type jpg)

<use images/colorbalance_3.jpg>
Package pdftex.def Info: images/colorbalance_3.jpg used on input line 64.
(pdftex.def)             Requested size: 192.7313pt x 108.41135pt.
 [4 <C:/Users/ctm013/Colin/Documents/ELEC400/ProPANE/Madigan_Work_Log/images/co
lorbalance_1.jpg> <C:/Users/ctm013/Colin/Documents/ELEC400/ProPANE/Madigan_Work
_Log/images/colorbalance_2.jpg>]
<images/badIw_1.jpg, id=170, 1927.2pt x 1084.05pt>
File: images/badIw_1.jpg Graphic file (type jpg)
 <use images/badIw_1.jpg>
Package pdftex.def Info: images/badIw_1.jpg used on input line 72.
(pdftex.def)             Requested size: 385.43318pt x 216.80615pt.
LaTeX Font Info:    External font `cmex10' loaded for size
(Font)              <7> on input line 73.
LaTeX Font Info:    External font `cmex10' loaded for size
(Font)              <5> on input line 73.

<images/badIw_2.jpg, id=171, 1927.2pt x 1084.05pt>
File: images/badIw_2.jpg Graphic file (type jpg)
 <use images/badIw_2.jpg>
Package pdftex.def Info: images/badIw_2.jpg used on input line 78.
(pdftex.def)             Requested size: 385.43318pt x 216.80615pt.

[5pdfTeX warning (ext4): destination with the same identifier (name{figure.1}) 
has been already used, duplicate ignored

\AtBegShi@Output ...ipout \box \AtBeginShipoutBox 
                                                  \fi \fi 
l.81 
      <C:/Users/ctm013/Colin/Documents/ELEC400/ProPANE/Madigan_Work_Log/images/
colorbalance_3.jpg> <C:/Users/ctm013/Colin/Documents/ELEC400/ProPANE/Madigan_Wo
rk_Log/images/badIw_1.jpg>]
<images/afterSpatial1.jpg, id=179, 1516.16437pt x 643.6547pt>
File: images/afterSpatial1.jpg Graphic file (type jpg)

<use images/afterSpatial1.jpg>
Package pdftex.def Info: images/afterSpatial1.jpg used on input line 92.
(pdftex.def)             Requested size: 303.2275pt x 128.72865pt.

<images/beforeSpatial1.jpg, id=180, 1516.16437pt x 642.90187pt>
File: images/beforeSpatial1.jpg Graphic file (type jpg)

<use images/beforeSpatial1.jpg>
Package pdftex.def Info: images/beforeSpatial1.jpg used on input line 98.
(pdftex.def)             Requested size: 303.2275pt x 128.5781pt.
 [6pdfTeX warning (ext4): destination with the same identifier (name{figure.2})
 has been already used, duplicate ignored

\AtBegShi@Output ...ipout \box \AtBeginShipoutBox 
                                                  \fi \fi 
l.101 T
       his does not affect a lot of cells, which is good as far as our class...
pdfTeX warning (ext4): destination with the same identifier (name{figure.3}) ha
s been already used, duplicate ignored

\AtBegShi@Output ...ipout \box \AtBeginShipoutBox 
                                                  \fi \fi 
l.101 T
       his does not affect a lot of cells, which is good as far as our class...
 <C:/Users/ctm013/Colin/Documents/ELEC400/ProPANE/Madigan_Work_Log/images/badIw
_2.jpg> <C:/Users/ctm013/Colin/Documents/ELEC400/ProPANE/Madigan_Work_Log/image
s/afterSpatial1.jpg>]
Overfull \hbox (80.8755pt too wide) in paragraph at lines 107--107
[] \OT1/cmtt/m/n/10 if abs(I[i][j][k][0]-Iw[i][j][0][0])/(sig[i][j][k][0]+sigw)
 < Tw and sig[i][j][k][0]/sigw < Tsig:[] 
 []


Underfull \hbox (badness 10000) in paragraph at lines 122--123

 []

[7pdfTeX warning (ext4): destination with the same identifier (name{figure.4}) 
has been already used, duplicate ignored

\AtBegShi@Output ...ipout \box \AtBeginShipoutBox 
                                                  \fi \fi 
l.124 		 	I
            used the single image whiteboard color calculation instead of th...
 <C:/Users/ctm013/Colin/Documents/ELEC400/ProPANE/Madigan_Work_Log/images/befor
eSpatial1.jpg>]
<images/griffin_foreground1.jpg, id=195, 1516.16437pt x 640.64343pt>
File: images/griffin_foreground1.jpg Graphic file (type jpg)

<use images/griffin_foreground1.jpg>
Package pdftex.def Info: images/griffin_foreground1.jpg used on input line 128.

(pdftex.def)             Requested size: 379.04016pt x 160.16046pt.

<images/griffin_foreground2.jpg, id=196, 1513.15312pt x 639.13782pt>
File: images/griffin_foreground2.jpg Graphic file (type jpg)

<use images/griffin_foreground2.jpg>
Package pdftex.def Info: images/griffin_foreground2.jpg used on input line 134.

(pdftex.def)             Requested size: 378.28735pt x 159.78406pt.

<images/emptyboard_overtime.jpg, id=197, 1512.40031pt x 642.90187pt>
File: images/emptyboard_overtime.jpg Graphic file (type jpg)

<use images/emptyboard_overtime.jpg>
Package pdftex.def Info: images/emptyboard_overtime.jpg used on input line 142.

(pdftex.def)             Requested size: 378.09915pt x 160.72507pt.
 [8pdfTeX warning (ext4): destination with the same identifier (name{figure.5})
 has been already used, duplicate ignored

\AtBegShi@Output ...ipout \box \AtBeginShipoutBox 
                                                  \fi \fi 
l.145 
      pdfTeX warning (ext4): destination with the same identifier (name{figure.
6}) has been already used, duplicate ignored

\AtBegShi@Output ...ipout \box \AtBeginShipoutBox 
                                                  \fi \fi 
l.145 
       <C:/Users/ctm013/Colin/Documents/ELEC400/ProPANE/Madigan_Work_Log/images
/griffin_foreground1.jpg> <C:/Users/ctm013/Colin/Documents/ELEC400/ProPANE/Madi
gan_Work_Log/images/griffin_foreground2.jpg>]
<images/emptyboard_single.jpg, id=204, 1514.65875pt x 643.6547pt>
File: images/emptyboard_single.jpg Graphic file (type jpg)

<use images/emptyboard_single.jpg>
Package pdftex.def Info: images/emptyboard_single.jpg used on input line 148.
(pdftex.def)             Requested size: 378.66376pt x 160.91327pt.

<images/background_overtime.jpg, id=205, 1511.6475pt x 641.39626pt>
File: images/background_overtime.jpg Graphic file (type jpg)

<use images/background_overtime.jpg>
Package pdftex.def Info: images/background_overtime.jpg used on input line 156.

(pdftex.def)             Requested size: 377.91095pt x 160.34866pt.
 [9pdfTeX warning (ext4): destination with the same identifier (name{figure.7})
 has been already used, duplicate ignored

\AtBegShi@Output ...ipout \box \AtBeginShipoutBox 
                                                  \fi \fi 
l.160 	\section
               {More Cell Classification Over Time (11/27/2012)}pdfTeX warning 
(ext4): destination with the same identifier (name{figure.8}) has been already 
used, duplicate ignored

\AtBegShi@Output ...ipout \box \AtBeginShipoutBox 
                                                  \fi \fi 
l.160 	\section
               {More Cell Classification Over Time (11/27/2012)} <C:/Users/ctm0
13/Colin/Documents/ELEC400/ProPANE/Madigan_Work_Log/images/emptyboard_overtime.
jpg> <C:/Users/ctm013/Colin/Documents/ELEC400/ProPANE/Madigan_Work_Log/images/e
mptyboard_single.jpg>]
Underfull \hbox (badness 10000) in paragraph at lines 161--162

 []

File: images/griffin_foreground1.jpg Graphic file (type jpg)
<use images/griffin_foreground1.jpg>
Package pdftex.def Info: images/griffin_foreground1.jpg used on input line 167.

(pdftex.def)             Requested size: 379.04016pt x 160.16046pt.
File: images/background_overtime.jpg Graphic file (type jpg)
 <use images/background_overtime.jpg>
Package pdftex.def Info: images/background_overtime.jpg used on input line 173.

(pdftex.def)             Requested size: 377.91095pt x 160.34866pt.

[10pdfTeX warning (ext4): destination with the same identifier (name{figure.9})
 has been already used, duplicate ignored

\AtBegShi@Output ...ipout \box \AtBeginShipoutBox 
                                                  \fi \fi 
l.176 
      pdfTeX warning (ext4): destination with the same identifier (name{figure.
10}) has been already used, duplicate ignored

\AtBegShi@Output ...ipout \box \AtBeginShipoutBox 
                                                  \fi \fi 
l.176 
       <C:/Users/ctm013/Colin/Documents/ELEC400/ProPANE/Madigan_Work_Log/images
/background_overtime.jpg>]
<images/whiteboard_single.jpg, id=218, 2017.5375pt x 851.18pt>
File: images/whiteboard_single.jpg Graphic file (type jpg)

<use images/whiteboard_single.jpg>
Package pdftex.def Info: images/whiteboard_single.jpg used on input line 179.
(pdftex.def)             Requested size: 403.50035pt x 170.23297pt.

Underfull \hbox (badness 10000) in paragraph at lines 184--185

 []

<images/allstrokecells.jpg, id=220, 1513.90594pt x 639.13782pt>
File: images/allstrokecells.jpg Graphic file (type jpg)

<use images/allstrokecells.jpg>
Package pdftex.def Info: images/allstrokecells.jpg used on input line 190.
(pdftex.def)             Requested size: 454.1753pt x 191.74283pt.

Overfull \hbox (20.55528pt too wide) in paragraph at lines 190--191
 [][] 
 []

[11pdfTeX warning (ext4): destination with the same identifier (name{figure.11}
) has been already used, duplicate ignored

\AtBegShi@Output ...ipout \box \AtBeginShipoutBox 
                                                  \fi \fi 
l.193 
      pdfTeX warning (ext4): destination with the same identifier (name{figure.
12}) has been already used, duplicate ignored

\AtBegShi@Output ...ipout \box \AtBeginShipoutBox 
                                                  \fi \fi 
l.193 
       <C:/Users/ctm013/Colin/Documents/ELEC400/ProPANE/Madigan_Work_Log/images
/whiteboard_single.jpg>]
Underfull \hbox (badness 10000) in paragraph at lines 197--198

 []

[12pdfTeX warning (ext4): destination with the same identifier (name{figure.13}
) has been already used, duplicate ignored

\AtBegShi@Output ...ipout \box \AtBeginShipoutBox 
                                                  \fi \fi 
l.233 \end{verbatim}
                     <C:/Users/ctm013/Colin/Documents/ELEC400/ProPANE/Madigan_W
ork_Log/images/allstrokecells.jpg>]
Overfull \hbox (59.87569pt too wide) in paragraph at lines 233--233
[]            \OT1/cmtt/m/n/10 if abs(I[i][j][0]-Iw[i][j])/(sig[i][j][0]+sigw) 
< Tw and sig[i][j][0]/sigw < Tsig:[] 
 []


Overfull \hbox (75.62555pt too wide) in paragraph at lines 233--233
[]            \OT1/cmtt/m/n/10 elif abs(I[i][j][0]-Iw[i][j])/(sig[i][j][0]+sigw
) < Tw and sig[i][j][0]/sigw >= Tsig:[] 
 []

<images/wb_nickel_7_crop.jpg, id=233, 2457.18pt x 1746.525pt>
File: images/wb_nickel_7_crop.jpg Graphic file (type jpg)

<use images/wb_nickel_7_crop.jpg>
Package pdftex.def Info: images/wb_nickel_7_crop.jpg used on input line 240.
(pdftex.def)             Requested size: 368.5611pt x 261.96744pt.

<images/cell_id_demo.jpg, id=234, 2457.18pt x 1746.525pt>
File: images/cell_id_demo.jpg Graphic file (type jpg)

<use images/cell_id_demo.jpg>
Package pdftex.def Info: images/cell_id_demo.jpg used on input line 246.
(pdftex.def)             Requested size: 368.5611pt x 261.96744pt.
 [13pdfTeX warning (ext4): destination with the same identifier (name{figure.14
}) has been already used, duplicate ignored

\AtBegShi@Output ...ipout \box \AtBeginShipoutBox 
                                                  \fi \fi 
l.249 
       <C:/Users/ctm013/Colin/Documents/ELEC400/ProPANE/Madigan_Work_Log/images
/wb_nickel_7_crop.jpg>]
<images/cell_id_demo_61.jpg, id=241, 2457.18pt x 1746.525pt>
File: images/cell_id_demo_61.jpg Graphic file (type jpg)

<use images/cell_id_demo_61.jpg>
Package pdftex.def Info: images/cell_id_demo_61.jpg used on input line 252.
(pdftex.def)             Requested size: 368.5611pt x 261.96744pt.

<images/cell_id_griffin.jpg, id=242, 2055.68pt x 1541.76pt>
File: images/cell_id_griffin.jpg Graphic file (type jpg)

<use images/cell_id_griffin.jpg>
Package pdftex.def Info: images/cell_id_griffin.jpg used on input line 258.
(pdftex.def)             Requested size: 370.00644pt x 277.50482pt.
 [14pdfTeX warning (ext4): destination with the same identifier (name{figure.15
}) has been already used, duplicate ignored

\AtBegShi@Output ...ipout \box \AtBeginShipoutBox 
                                                  \fi \fi 
l.261 
      pdfTeX warning (ext4): destination with the same identifier (name{figure.
16}) has been already used, duplicate ignored

\AtBegShi@Output ...ipout \box \AtBeginShipoutBox 
                                                  \fi \fi 
l.261 
       <C:/Users/ctm013/Colin/Documents/ELEC400/ProPANE/Madigan_Work_Log/images
/cell_id_demo.jpg> <C:/Users/ctm013/Colin/Documents/ELEC400/ProPANE/Madigan_Wor
k_Log/images/cell_id_demo_61.jpg>]
Overfull \hbox (41.7128pt too wide) in paragraph at lines 266--266
[]\OT1/cmr/bx/n/14.4 Dividing Im-ages, White-board Color Nor-mal-iza-tion (11/1
/2012) 
 []

[15pdfTeX warning (ext4): destination with the same identifier (name{figure.17}
) has been already used, duplicate ignored

\AtBegShi@Output ...ipout \box \AtBeginShipoutBox 
                                                  \fi \fi 
l.284 \end{verbatim}
                     <C:/Users/ctm013/Colin/Documents/ELEC400/ProPANE/Madigan_W
ork_Log/images/cell_id_griffin.jpg>]
<images/whiteboard_cropped.jpg, id=256, 313.4109pt x 227.4096pt>
File: images/whiteboard_cropped.jpg Graphic file (type jpg)

<use images/whiteboard_cropped.jpg>
Package pdftex.def Info: images/whiteboard_cropped.jpg used on input line 288.
(pdftex.def)             Requested size: 313.41013pt x 227.40904pt.

<images/wb_crop_background_1.jpg, id=259, 1285.80376pt x 927.465pt>
File: images/wb_crop_background_1.jpg Graphic file (type jpg)

<use images/wb_crop_background_1.jpg>
Package pdftex.def Info: images/wb_crop_background_1.jpg used on input line 295
.
(pdftex.def)             Requested size: 321.45015pt x 231.86568pt.

<images/wb_crop_background_2.jpg, id=260, 1274.7625pt x 945.5325pt>
File: images/wb_crop_background_2.jpg Graphic file (type jpg)

<use images/wb_crop_background_2.jpg>
Package pdftex.def Info: images/wb_crop_background_2.jpg used on input line 301
.
(pdftex.def)             Requested size: 318.68985pt x 236.38254pt.
 [16pdfTeX warning (ext4): destination with the same identifier (name{figure.18
}) has been already used, duplicate ignored

\AtBegShi@Output ...ipout \box \AtBeginShipoutBox 
                                                  \fi \fi 
l.304 
      pdfTeX warning (ext4): destination with the same identifier (name{figure.
19}) has been already used, duplicate ignored

\AtBegShi@Output ...ipout \box \AtBeginShipoutBox 
                                                  \fi \fi 
l.304 
       <C:/Users/ctm013/Colin/Documents/ELEC400/ProPANE/Madigan_Work_Log/images
/whiteboard_cropped.jpg> <C:/Users/ctm013/Colin/Documents/ELEC400/ProPANE/Madig
an_Work_Log/images/wb_crop_background_1.jpg>]
<images/wb_background.jpg, id=268, 1204.5pt x 903.375pt>
File: images/wb_background.jpg Graphic file (type jpg)

<use images/wb_background.jpg>
Package pdftex.def Info: images/wb_background.jpg used on input line 307.
(pdftex.def)             Requested size: 301.12427pt x 225.8432pt.
 [17pdfTeX warning (ext4): destination with the same identifier (name{figure.20
}) has been already used, duplicate ignored

\AtBegShi@Output ...ipout \box \AtBeginShipoutBox 
                                                  \fi \fi 
l.316 		\subsection
                   *{Post Panel 2}pdfTeX warning (ext4): destination with the s
ame identifier (name{figure.21}) has been already used, duplicate ignored

\AtBegShi@Output ...ipout \box \AtBeginShipoutBox 
                                                  \fi \fi 
l.316 		\subsection
                   *{Post Panel 2} <C:/Users/ctm013/Colin/Documents/ELEC400/Pro
PANE/Madigan_Work_Log/images/wb_crop_background_2.jpg> <C:/Users/ctm013/Colin/D
ocuments/ELEC400/ProPANE/Madigan_Work_Log/images/wb_background.jpg>]
Overfull \hbox (2.12619pt too wide) in paragraph at lines 341--341
[]        \OT1/cmtt/m/n/10 cell[x]= ((j-1)*cell_width, i*cell_height, j*cell_wi
dth, (i+1)*cell_height)[] 
 []

<images/whiteboard.jpg, id=276, 385.44pt x 289.08pt>
File: images/whiteboard.jpg Graphic file (type jpg)

<use images/whiteboard.jpg>
Package pdftex.def Info: images/whiteboard.jpg used on input line 347.
(pdftex.def)             Requested size: 231.26578pt x 173.44933pt.
 [18pdfTeX warning (ext4): destination with the same identifier (name{figure.22
}) has been already used, duplicate ignored

\AtBegShi@Output ...ipout \box \AtBeginShipoutBox 
                                                  \fi \fi 
l.353 
       <C:/Users/ctm013/Colin/Documents/ELEC400/ProPANE/Madigan_Work_Log/images
/whiteboard.jpg>] <images/cell_brightness_5.jpg, id=284, 1606.0pt x 1204.5pt>
File: images/cell_brightness_5.jpg Graphic file (type jpg)

<use images/cell_brightness_5.jpg>
Package pdftex.def Info: images/cell_brightness_5.jpg used on input line 356.
(pdftex.def)             Requested size: 240.8896pt x 180.6672pt.

<images/cell_contrast_25.jpg, id=285, 1606.0pt x 1204.5pt>
File: images/cell_contrast_25.jpg Graphic file (type jpg)

<use images/cell_contrast_25.jpg>
Package pdftex.def Info: images/cell_contrast_25.jpg used on input line 374.
(pdftex.def)             Requested size: 240.8896pt x 180.6672pt.

Overfull \hbox (8.98944pt too wide) in paragraph at lines 379--379
[]\OT1/cmr/bx/n/14.4 Gantt Chart, Prepa-ra-tion for Fac-ulty Panel 2 (10/24/201
2) 
 []

[19 <C:/Users/ctm013/Colin/Documents/ELEC400/ProPANE/Madigan_Work_Log/images/ce
ll_brightness_5.jpg> <C:/Users/ctm013/Colin/Documents/ELEC400/ProPANE/Madigan_W
ork_Log/images/cell_contrast_25.jpg>] [20]
LaTeX Font Info:    Try loading font information for OMS+cmr on input line 407.


("C:\Program Files\MiKTeX 2.9\tex\latex\base\omscmr.fd"
File: omscmr.fd 1999/05/25 v2.5h Standard LaTeX font definitions
)
LaTeX Font Info:    Font shape `OMS/cmr/m/n' in size <10> not available
(Font)              Font shape `OMS/cmsy/m/n' tried instead on input line 407.

<images/3D_matrix.jpg, id=304, 376.40625pt x 245.41687pt>
File: images/3D_matrix.jpg Graphic file (type jpg)

<use images/3D_matrix.jpg>
Package pdftex.def Info: images/3D_matrix.jpg used on input line 435.
(pdftex.def)             Requested size: 150.55983pt x 98.165pt.

Underfull \hbox (badness 10000) in paragraph at lines 432--437

 []

[21pdfTeX warning (ext4): destination with the same identifier (name{figure.23}
) has been already used, duplicate ignored

\AtBegShi@Output ...ipout \box \AtBeginShipoutBox 
                                                  \fi \fi 
l.439 
       <C:/Users/ctm013/Colin/Documents/ELEC400/ProPANE/Madigan_Work_Log/images
/3D_matrix.jpg>]
Underfull \hbox (badness 10000) in paragraph at lines 445--446

 []


Underfull \hbox (badness 10000) in paragraph at lines 445--446

 []

[22]
Underfull \hbox (badness 10000) in paragraph at lines 507--509

 []

[23] [24] <images/propane_whiteboard.png, id=338, 601.4972pt x 435.87843pt>
File: images/propane_whiteboard.png Graphic file (type png)

<use images/propane_whiteboard.png>
Package pdftex.def Info: images/propane_whiteboard.png used on input line 560.
(pdftex.def)             Requested size: 216.53882pt x 156.9161pt.
 [25]
<images/logo_options.png, id=350, 800.23969pt x 1262.46657pt>
File: images/logo_options.png Graphic file (type png)

<use images/logo_options.png>
Package pdftex.def Info: images/logo_options.png used on input line 574.
(pdftex.def)             Requested size: 176.05327pt x 277.7435pt.

<images/ProPANE_final_logos.png, id=352, 214.55156pt x 356.0803pt>
File: images/ProPANE_final_logos.png Graphic file (type png)

<use images/ProPANE_final_logos.png>
Package pdftex.def Info: images/ProPANE_final_logos.png used on input line 579.

(pdftex.def)             Requested size: 150.18506pt x 249.25452pt.
 [26pdfTeX warning (ext4): destination with the same identifier (name{figure.24
}) has been already used, duplicate ignored

\AtBegShi@Output ...ipout \box \AtBeginShipoutBox 
                                                  \fi \fi 
l.583 
       <C:/Users/ctm013/Colin/Documents/ELEC400/ProPANE/Madigan_Work_Log/images
/propane_whiteboard.png>]
Underfull \hbox (badness 10000) in paragraph at lines 584--585

 []


Underfull \hbox (badness 10000) in paragraph at lines 589--590

 []


Overfull \hbox (65.87782pt too wide) in paragraph at lines 595--595
[]\OT1/cmr/bx/n/14.4 First Group Meet-ing and Gen-eral Group In-for-ma-tion (08
/31/2012) 
 []


Underfull \hbox (badness 10000) in paragraph at lines 600--601

 []

[27pdfTeX warning (ext4): destination with the same identifier (name{figure.25}
) has been already used, duplicate ignored

\AtBegShi@Output ...ipout \box \AtBeginShipoutBox 
                                                  \fi \fi 
l.602 		\subsection
                   *{Team Name and Logo}pdfTeX warning (ext4): destination with
 the same identifier (name{figure.26}) has been already used, duplicate ignored


\AtBegShi@Output ...ipout \box \AtBeginShipoutBox 
                                                  \fi \fi 
l.602 		\subsection
                   *{Team Name and Logo} <C:/Users/ctm013/Colin/Documents/ELEC4
00/ProPANE/Madigan_Work_Log/images/logo_options.png> <C:/Users/ctm013/Colin/Doc
uments/ELEC400/ProPANE/Madigan_Work_Log/images/ProPANE_final_logos.png>]
Underfull \hbox (badness 10000) in paragraph at lines 603--604

 []


Underfull \hbox (badness 10000) in paragraph at lines 606--607

 []

Package atveryend Info: Empty hook `BeforeClearDocument' on input line 609.
[28]
Package atveryend Info: Empty hook `AfterLastShipout' on input line 609.

(C:\Users\ctm013\Colin\Documents\ELEC400\ProPANE\Madigan_Work_Log\Madigan_WorkL
og.aux)
Package atveryend Info: Executing hook `AtVeryEndDocument' on input line 609.
Package atveryend Info: Executing hook `AtEndAfterFileList' on input line 609.
Package rerunfilecheck Info: File `Madigan_WorkLog.out' has not changed.
(rerunfilecheck)             Checksum: 463B358A742A9E6F302FCF9088E5F262;2419.
Package atveryend Info: Empty hook `AtVeryVeryEnd' on input line 609.
 ) 
Here is how much of TeX's memory you used:
 5784 strings out of 493921
 87453 string characters out of 3147279
 169903 words of memory out of 3000000
 8899 multiletter control sequences out of 15000+200000
 8416 words of font info for 30 fonts, out of 3000000 for 9000
 841 hyphenation exceptions out of 8191
 29i,9n,28p,1327b,440s stack positions out of 5000i,500n,10000p,200000b,50000s
<C:/Program Files/MiKTeX 2.9/fonts/type1/public/amsfonts/cm/cmbx10.pfb><C:/Pr
ogram Files/MiKTeX 2.9/fonts/type1/public/amsfonts/cm/cmbx12.pfb><C:/Program Fi
les/MiKTeX 2.9/fonts/type1/public/amsfonts/cm/cmex10.pfb><C:/Program Files/MiKT
eX 2.9/fonts/type1/public/amsfonts/cm/cmmi10.pfb><C:/Program Files/MiKTeX 2.9/f
onts/type1/public/amsfonts/cm/cmmi7.pfb><C:/Program Files/MiKTeX 2.9/fonts/type
1/public/amsfonts/cm/cmr10.pfb><C:/Program Files/MiKTeX 2.9/fonts/type1/public/
amsfonts/cm/cmr17.pfb><C:/Program Files/MiKTeX 2.9/fonts/type1/public/amsfonts/
cm/cmr7.pfb><C:/Program Files/MiKTeX 2.9/fonts/type1/public/amsfonts/cm/cmsl10.
pfb><C:/Program Files/MiKTeX 2.9/fonts/type1/public/amsfonts/cm/cmsy10.pfb><C:/
Program Files/MiKTeX 2.9/fonts/type1/public/amsfonts/cm/cmsy7.pfb><C:/Program F
iles/MiKTeX 2.9/fonts/type1/public/amsfonts/cm/cmtt10.pfb>
Output written on Madigan_WorkLog.pdf (28 pages, 10411573 bytes).
PDF statistics:
 441 PDF objects out of 1000 (max. 8388607)
 115 named destinations out of 1000 (max. 500000)
 370 words of extra memory for PDF output out of 10000 (max. 10000000)

